{"numTotalTestSuites":167,"numPassedTestSuites":93,"numFailedTestSuites":74,"numPendingTestSuites":0,"numTotalTests":530,"numPassedTests":411,"numFailedTests":119,"numPendingTests":0,"numTodoTests":0,"snapshot":{"added":0,"failure":false,"filesAdded":0,"filesRemoved":0,"filesRemovedList":[],"filesUnmatched":0,"filesUpdated":0,"matched":0,"total":0,"unchecked":0,"uncheckedKeysByFile":[],"unmatched":0,"updated":0,"didUpdate":false},"startTime":1762546251722,"success":false,"testResults":[{"assertionResults":[{"ancestorTitles":["calendarUtils","formatDateForDB"],"fullName":"calendarUtils formatDateForDB returns YYYY-MM-DD format","status":"passed","title":"returns YYYY-MM-DD format","duration":0.7029999999999745,"failureMessages":[],"meta":{}},{"ancestorTitles":["calendarUtils","formatDateForDB"],"fullName":"calendarUtils formatDateForDB pads single-digit months and days with zeros","status":"passed","title":"pads single-digit months and days with zeros","duration":0.18229199999996126,"failureMessages":[],"meta":{}},{"ancestorTitles":["calendarUtils","formatDateForDB"],"fullName":"calendarUtils formatDateForDB handles timezone correctly (uses local date)","status":"passed","title":"handles timezone correctly (uses local date)","duration":0.13637500000004366,"failureMessages":[],"meta":{}},{"ancestorTitles":["calendarUtils","parseDateStringLocal"],"fullName":"calendarUtils parseDateStringLocal parses ISO string to Date object","status":"passed","title":"parses ISO string to Date object","duration":0.21591699999999037,"failureMessages":[],"meta":{}},{"ancestorTitles":["calendarUtils","parseDateStringLocal"],"fullName":"calendarUtils parseDateStringLocal handles timezone correctly (parses as local, not UTC)","status":"passed","title":"handles timezone correctly (parses as local, not UTC)","duration":0.14683299999978772,"failureMessages":[],"meta":{}},{"ancestorTitles":["calendarUtils","parseDateStringLocal"],"fullName":"calendarUtils parseDateStringLocal maintains date consistency with formatDateForDB","status":"passed","title":"maintains date consistency with formatDateForDB","duration":0.09583299999985684,"failureMessages":[],"meta":{}},{"ancestorTitles":["calendarUtils","getMonthDays"],"fullName":"calendarUtils getMonthDays returns correct number of days for month","status":"passed","title":"returns correct number of days for month","duration":0.5660410000000411,"failureMessages":[],"meta":{}},{"ancestorTitles":["calendarUtils","getMonthDays"],"fullName":"calendarUtils getMonthDays handles leap years","status":"passed","title":"handles leap years","duration":0.20683299999996052,"failureMessages":[],"meta":{}},{"ancestorTitles":["calendarUtils","getMonthDays"],"fullName":"calendarUtils getMonthDays includes padding days from previous/next month","status":"passed","title":"includes padding days from previous/next month","duration":0.27274999999985994,"failureMessages":[],"meta":{}},{"ancestorTitles":["calendarUtils","getMonthDays"],"fullName":"calendarUtils getMonthDays marks isCurrentMonth correctly","status":"passed","title":"marks isCurrentMonth correctly","duration":0.4286660000000211,"failureMessages":[],"meta":{}},{"ancestorTitles":["calendarUtils","getMonthDays"],"fullName":"calendarUtils getMonthDays marks isToday correctly","status":"passed","title":"marks isToday correctly","duration":0.13604099999997743,"failureMessages":[],"meta":{}},{"ancestorTitles":["calendarUtils","getMonthDays"],"fullName":"calendarUtils getMonthDays marks isWeekend correctly","status":"passed","title":"marks isWeekend correctly","duration":0.40325000000007094,"failureMessages":[],"meta":{}},{"ancestorTitles":["calendarUtils","getMonthDays"],"fullName":"calendarUtils getMonthDays marks isPast correctly","status":"passed","title":"marks isPast correctly","duration":0.4469169999999849,"failureMessages":[],"meta":{}},{"ancestorTitles":["calendarUtils","getMonthDays"],"fullName":"calendarUtils getMonthDays initializes scheduledHolds as empty array","status":"passed","title":"initializes scheduledHolds as empty array","duration":0.8079579999998714,"failureMessages":[],"meta":{}},{"ancestorTitles":["calendarUtils","attachScheduledHolds"],"fullName":"calendarUtils attachScheduledHolds attaches holds to correct calendar days","status":"passed","title":"attaches holds to correct calendar days","duration":0.2856250000002092,"failureMessages":[],"meta":{}},{"ancestorTitles":["calendarUtils","attachScheduledHolds"],"fullName":"calendarUtils attachScheduledHolds handles multiple holds on same day","status":"passed","title":"handles multiple holds on same day","duration":0.12758300000018608,"failureMessages":[],"meta":{}},{"ancestorTitles":["calendarUtils","attachScheduledHolds"],"fullName":"calendarUtils attachScheduledHolds handles days with no holds","status":"passed","title":"handles days with no holds","duration":0.48175000000014734,"failureMessages":[],"meta":{}},{"ancestorTitles":["calendarUtils","attachScheduledHolds"],"fullName":"calendarUtils attachScheduledHolds creates past holds from firefighter last_hold_date","status":"failed","title":"creates past holds from firefighter last_hold_date","duration":6.641916999999921,"failureMessages":["AssertionError: expected [] to have a length of 1 but got +0\n    at Proxy.<anonymous> (file:///Users/griffin/Projects/firefighterHub/node_modules/.pnpm/@vitest+expect@4.0.7/node_modules/@vitest/expect/dist/index.js:1318:20)\n    at Proxy.<anonymous> (file:///Users/griffin/Projects/firefighterHub/node_modules/.pnpm/@vitest+expect@4.0.7/node_modules/@vitest/expect/dist/index.js:1086:14)\n    at Proxy.methodWrapper (file:///Users/griffin/Projects/firefighterHub/node_modules/.pnpm/chai@6.2.0/node_modules/chai/index.js:1701:25)\n    at /Users/griffin/Projects/firefighterHub/src/utils/calendarUtils.test.ts:227:37\n    at file:///Users/griffin/Projects/firefighterHub/node_modules/.pnpm/@vitest+runner@4.0.7/node_modules/@vitest/runner/dist/index.js:157:11\n    at file:///Users/griffin/Projects/firefighterHub/node_modules/.pnpm/@vitest+runner@4.0.7/node_modules/@vitest/runner/dist/index.js:753:26\n    at file:///Users/griffin/Projects/firefighterHub/node_modules/.pnpm/@vitest+runner@4.0.7/node_modules/@vitest/runner/dist/index.js:1636:20\n    at new Promise (<anonymous>)\n    at runWithTimeout (file:///Users/griffin/Projects/firefighterHub/node_modules/.pnpm/@vitest+runner@4.0.7/node_modules/@vitest/runner/dist/index.js:1602:10)\n    at runTest (file:///Users/griffin/Projects/firefighterHub/node_modules/.pnpm/@vitest+runner@4.0.7/node_modules/@vitest/runner/dist/index.js:1309:12)"],"meta":{}},{"ancestorTitles":["calendarUtils","attachScheduledHolds"],"fullName":"calendarUtils attachScheduledHolds does not duplicate holds if already in scheduled_holds","status":"passed","title":"does not duplicate holds if already in scheduled_holds","duration":0.2106250000001637,"failureMessages":[],"meta":{}},{"ancestorTitles":["calendarUtils","formatMonthYear"],"fullName":"calendarUtils formatMonthYear formats month and year correctly","status":"passed","title":"formats month and year correctly","duration":17.538958000000093,"failureMessages":[],"meta":{}},{"ancestorTitles":["calendarUtils","formatMonthYear"],"fullName":"calendarUtils formatMonthYear handles different months","status":"passed","title":"handles different months","duration":0.33495799999991505,"failureMessages":[],"meta":{}},{"ancestorTitles":["calendarUtils","getMonthDateRange"],"fullName":"calendarUtils getMonthDateRange returns first and last day of month","status":"passed","title":"returns first and last day of month","duration":0.1072079999999005,"failureMessages":[],"meta":{}},{"ancestorTitles":["calendarUtils","getMonthDateRange"],"fullName":"calendarUtils getMonthDateRange handles February in leap year","status":"passed","title":"handles February in leap year","duration":0.0445830000001024,"failureMessages":[],"meta":{}},{"ancestorTitles":["calendarUtils","getMonthDateRange"],"fullName":"calendarUtils getMonthDateRange handles February in non-leap year","status":"passed","title":"handles February in non-leap year","duration":0.03833299999996598,"failureMessages":[],"meta":{}},{"ancestorTitles":["calendarUtils","getMonthDateRange"],"fullName":"calendarUtils getMonthDateRange handles months with 30 days","status":"passed","title":"handles months with 30 days","duration":0.03770899999994981,"failureMessages":[],"meta":{}},{"ancestorTitles":["calendarUtils","autoScheduleNextHolds"],"fullName":"calendarUtils autoScheduleNextHolds schedules holds for specified number of days","status":"passed","title":"schedules holds for specified number of days","duration":0.24350000000004002,"failureMessages":[],"meta":{}},{"ancestorTitles":["calendarUtils","autoScheduleNextHolds"],"fullName":"calendarUtils autoScheduleNextHolds rotates through available firefighters","status":"passed","title":"rotates through available firefighters","duration":0.08741600000007566,"failureMessages":[],"meta":{}},{"ancestorTitles":["calendarUtils","autoScheduleNextHolds"],"fullName":"calendarUtils autoScheduleNextHolds returns empty array if no available firefighters","status":"passed","title":"returns empty array if no available firefighters","duration":0.056417000000010376,"failureMessages":[],"meta":{}},{"ancestorTitles":["calendarUtils","autoScheduleNextHolds"],"fullName":"calendarUtils autoScheduleNextHolds only uses available firefighters","status":"passed","title":"only uses available firefighters","duration":0.07845799999995506,"failureMessages":[],"meta":{}},{"ancestorTitles":["calendarUtils","autoScheduleNextHolds"],"fullName":"calendarUtils autoScheduleNextHolds respects order_position for rotation order","status":"passed","title":"respects order_position for rotation order","duration":0.07587499999999636,"failureMessages":[],"meta":{}},{"ancestorTitles":["calendarUtils","getNextAvailableFirefighter"],"fullName":"calendarUtils getNextAvailableFirefighter returns firefighter with lowest order_position","status":"passed","title":"returns firefighter with lowest order_position","duration":0.06645800000001145,"failureMessages":[],"meta":{}},{"ancestorTitles":["calendarUtils","getNextAvailableFirefighter"],"fullName":"calendarUtils getNextAvailableFirefighter returns null if no available firefighters","status":"passed","title":"returns null if no available firefighters","duration":0.05037500000003092,"failureMessages":[],"meta":{}},{"ancestorTitles":["calendarUtils","getNextAvailableFirefighter"],"fullName":"calendarUtils getNextAvailableFirefighter skips unavailable firefighters","status":"passed","title":"skips unavailable firefighters","duration":0.03995800000006966,"failureMessages":[],"meta":{}},{"ancestorTitles":["calendarUtils","getNextAvailableFirefighter"],"fullName":"calendarUtils getNextAvailableFirefighter handles empty array","status":"passed","title":"handles empty array","duration":0.031292000000121334,"failureMessages":[],"meta":{}},{"ancestorTitles":["calendarUtils","getInitials"],"fullName":"calendarUtils getInitials returns first two letters for single word","status":"passed","title":"returns first two letters for single word","duration":0.06758400000012443,"failureMessages":[],"meta":{}},{"ancestorTitles":["calendarUtils","getInitials"],"fullName":"calendarUtils getInitials returns first letter of each word for two words","status":"passed","title":"returns first letter of each word for two words","duration":0.0550829999999678,"failureMessages":[],"meta":{}},{"ancestorTitles":["calendarUtils","getInitials"],"fullName":"calendarUtils getInitials returns first two initials for multiple words","status":"passed","title":"returns first two initials for multiple words","duration":0.032708000000184256,"failureMessages":[],"meta":{}},{"ancestorTitles":["calendarUtils","getInitials"],"fullName":"calendarUtils getInitials handles extra whitespace","status":"passed","title":"handles extra whitespace","duration":0.031375000000025466,"failureMessages":[],"meta":{}},{"ancestorTitles":["calendarUtils","getInitials"],"fullName":"calendarUtils getInitials handles single letter names","status":"passed","title":"handles single letter names","duration":0.03237500000000182,"failureMessages":[],"meta":{}},{"ancestorTitles":["calendarUtils","getInitials"],"fullName":"calendarUtils getInitials returns uppercase letters","status":"passed","title":"returns uppercase letters","duration":0.03154199999994489,"failureMessages":[],"meta":{}},{"ancestorTitles":["calendarUtils","getInitials"],"fullName":"calendarUtils getInitials handles empty string","status":"passed","title":"handles empty string","duration":0.02995799999985138,"failureMessages":[],"meta":{}},{"ancestorTitles":["calendarUtils","formatCalendarName"],"fullName":"calendarUtils formatCalendarName formats two-word name as \"First Initial. LastName\"","status":"passed","title":"formats two-word name as \"First Initial. LastName\"","duration":0.0673749999998563,"failureMessages":[],"meta":{}},{"ancestorTitles":["calendarUtils","formatCalendarName"],"fullName":"calendarUtils formatCalendarName handles three-word names (uses last word as last name)","status":"passed","title":"handles three-word names (uses last word as last name)","duration":0.040750000000116415,"failureMessages":[],"meta":{}},{"ancestorTitles":["calendarUtils","formatCalendarName"],"fullName":"calendarUtils formatCalendarName handles single-word names (returns as-is)","status":"passed","title":"handles single-word names (returns as-is)","duration":0.038291999999955806,"failureMessages":[],"meta":{}},{"ancestorTitles":["calendarUtils","formatCalendarName"],"fullName":"calendarUtils formatCalendarName capitalizes first initial","status":"passed","title":"capitalizes first initial","duration":0.04229199999986122,"failureMessages":[],"meta":{}},{"ancestorTitles":["calendarUtils","formatCalendarName"],"fullName":"calendarUtils formatCalendarName handles extra whitespace","status":"passed","title":"handles extra whitespace","duration":0.030874999999923602,"failureMessages":[],"meta":{}},{"ancestorTitles":["calendarUtils","formatCalendarName"],"fullName":"calendarUtils formatCalendarName handles hyphenated last names","status":"passed","title":"handles hyphenated last names","duration":0.03350000000000364,"failureMessages":[],"meta":{}},{"ancestorTitles":["calendarUtils","formatCalendarName"],"fullName":"calendarUtils formatCalendarName preserves last name capitalization","status":"passed","title":"preserves last name capitalization","duration":0.0399160000001757,"failureMessages":[],"meta":{}}],"startTime":1762546252898,"endTime":1762546252930.0676,"status":"failed","message":"","name":"/Users/griffin/Projects/firefighterHub/src/utils/calendarUtils.test.ts"},{"assertionResults":[{"ancestorTitles":["Error Handling - Calendar Utils","getNextAvailableFirefighter"],"fullName":"Error Handling - Calendar Utils getNextAvailableFirefighter should return null for null input","status":"failed","title":"should return null for null input","duration":15.668916999999965,"failureMessages":["TypeError: Cannot read properties of null (reading 'filter')\n    at getNextAvailableFirefighter (/Users/griffin/Projects/firefighterHub/src/utils/calendarUtils.ts:186:6)\n    at /Users/griffin/Projects/firefighterHub/src/utils/holdManagement.errorHandling.test.ts:27:22\n    at file:///Users/griffin/Projects/firefighterHub/node_modules/.pnpm/@vitest+runner@4.0.7/node_modules/@vitest/runner/dist/index.js:157:11\n    at file:///Users/griffin/Projects/firefighterHub/node_modules/.pnpm/@vitest+runner@4.0.7/node_modules/@vitest/runner/dist/index.js:753:26\n    at file:///Users/griffin/Projects/firefighterHub/node_modules/.pnpm/@vitest+runner@4.0.7/node_modules/@vitest/runner/dist/index.js:1636:20\n    at new Promise (<anonymous>)\n    at runWithTimeout (file:///Users/griffin/Projects/firefighterHub/node_modules/.pnpm/@vitest+runner@4.0.7/node_modules/@vitest/runner/dist/index.js:1602:10)\n    at runTest (file:///Users/griffin/Projects/firefighterHub/node_modules/.pnpm/@vitest+runner@4.0.7/node_modules/@vitest/runner/dist/index.js:1309:12)\n    at processTicksAndRejections (node:internal/process/task_queues:105:5)\n    at runSuite (file:///Users/griffin/Projects/firefighterHub/node_modules/.pnpm/@vitest+runner@4.0.7/node_modules/@vitest/runner/dist/index.js:1468:8)"],"meta":{}},{"ancestorTitles":["Error Handling - Calendar Utils","getNextAvailableFirefighter"],"fullName":"Error Handling - Calendar Utils getNextAvailableFirefighter should return null for undefined input","status":"failed","title":"should return null for undefined input","duration":0.9918330000000424,"failureMessages":["TypeError: Cannot read properties of undefined (reading 'filter')\n    at getNextAvailableFirefighter (/Users/griffin/Projects/firefighterHub/src/utils/calendarUtils.ts:186:6)\n    at /Users/griffin/Projects/firefighterHub/src/utils/holdManagement.errorHandling.test.ts:33:22\n    at file:///Users/griffin/Projects/firefighterHub/node_modules/.pnpm/@vitest+runner@4.0.7/node_modules/@vitest/runner/dist/index.js:157:11\n    at file:///Users/griffin/Projects/firefighterHub/node_modules/.pnpm/@vitest+runner@4.0.7/node_modules/@vitest/runner/dist/index.js:753:26\n    at file:///Users/griffin/Projects/firefighterHub/node_modules/.pnpm/@vitest+runner@4.0.7/node_modules/@vitest/runner/dist/index.js:1636:20\n    at new Promise (<anonymous>)\n    at runWithTimeout (file:///Users/griffin/Projects/firefighterHub/node_modules/.pnpm/@vitest+runner@4.0.7/node_modules/@vitest/runner/dist/index.js:1602:10)\n    at runTest (file:///Users/griffin/Projects/firefighterHub/node_modules/.pnpm/@vitest+runner@4.0.7/node_modules/@vitest/runner/dist/index.js:1309:12)\n    at processTicksAndRejections (node:internal/process/task_queues:105:5)\n    at runSuite (file:///Users/griffin/Projects/firefighterHub/node_modules/.pnpm/@vitest+runner@4.0.7/node_modules/@vitest/runner/dist/index.js:1468:8)"],"meta":{}},{"ancestorTitles":["Error Handling - Calendar Utils","getNextAvailableFirefighter"],"fullName":"Error Handling - Calendar Utils getNextAvailableFirefighter should handle empty array gracefully","status":"passed","title":"should handle empty array gracefully","duration":1.6050000000000182,"failureMessages":[],"meta":{}},{"ancestorTitles":["Error Handling - Calendar Utils","getNextAvailableFirefighter"],"fullName":"Error Handling - Calendar Utils getNextAvailableFirefighter should handle firefighters with corrupted order_position","status":"failed","title":"should handle firefighters with corrupted order_position","duration":2.9035840000000235,"failureMessages":["AssertionError: expected '1' to be '2' // Object.is equality\n    at /Users/griffin/Projects/firefighterHub/src/utils/holdManagement.errorHandling.test.ts:62:26\n    at file:///Users/griffin/Projects/firefighterHub/node_modules/.pnpm/@vitest+runner@4.0.7/node_modules/@vitest/runner/dist/index.js:157:11\n    at file:///Users/griffin/Projects/firefighterHub/node_modules/.pnpm/@vitest+runner@4.0.7/node_modules/@vitest/runner/dist/index.js:753:26\n    at file:///Users/griffin/Projects/firefighterHub/node_modules/.pnpm/@vitest+runner@4.0.7/node_modules/@vitest/runner/dist/index.js:1636:20\n    at new Promise (<anonymous>)\n    at runWithTimeout (file:///Users/griffin/Projects/firefighterHub/node_modules/.pnpm/@vitest+runner@4.0.7/node_modules/@vitest/runner/dist/index.js:1602:10)\n    at runTest (file:///Users/griffin/Projects/firefighterHub/node_modules/.pnpm/@vitest+runner@4.0.7/node_modules/@vitest/runner/dist/index.js:1309:12)\n    at processTicksAndRejections (node:internal/process/task_queues:105:5)\n    at runSuite (file:///Users/griffin/Projects/firefighterHub/node_modules/.pnpm/@vitest+runner@4.0.7/node_modules/@vitest/runner/dist/index.js:1468:8)\n    at runSuite (file:///Users/griffin/Projects/firefighterHub/node_modules/.pnpm/@vitest+runner@4.0.7/node_modules/@vitest/runner/dist/index.js:1468:8)"],"meta":{}},{"ancestorTitles":["Error Handling - Calendar Utils","getNextAvailableFirefighter"],"fullName":"Error Handling - Calendar Utils getNextAvailableFirefighter should handle all unavailable firefighters","status":"passed","title":"should handle all unavailable firefighters","duration":0.14362500000004275,"failureMessages":[],"meta":{}},{"ancestorTitles":["Error Handling - Calendar Utils","autoScheduleNextHolds"],"fullName":"Error Handling - Calendar Utils autoScheduleNextHolds should return empty array for null firefighters","status":"failed","title":"should return empty array for null firefighters","duration":0.2949159999999438,"failureMessages":["TypeError: Cannot read properties of null (reading 'filter')\n    at autoScheduleNextHolds (/Users/griffin/Projects/firefighterHub/src/utils/calendarUtils.ts:159:6)\n    at /Users/griffin/Projects/firefighterHub/src/utils/holdManagement.errorHandling.test.ts:79:22\n    at file:///Users/griffin/Projects/firefighterHub/node_modules/.pnpm/@vitest+runner@4.0.7/node_modules/@vitest/runner/dist/index.js:157:11\n    at file:///Users/griffin/Projects/firefighterHub/node_modules/.pnpm/@vitest+runner@4.0.7/node_modules/@vitest/runner/dist/index.js:753:26\n    at file:///Users/griffin/Projects/firefighterHub/node_modules/.pnpm/@vitest+runner@4.0.7/node_modules/@vitest/runner/dist/index.js:1636:20\n    at new Promise (<anonymous>)\n    at runWithTimeout (file:///Users/griffin/Projects/firefighterHub/node_modules/.pnpm/@vitest+runner@4.0.7/node_modules/@vitest/runner/dist/index.js:1602:10)\n    at runTest (file:///Users/griffin/Projects/firefighterHub/node_modules/.pnpm/@vitest+runner@4.0.7/node_modules/@vitest/runner/dist/index.js:1309:12)\n    at processTicksAndRejections (node:internal/process/task_queues:105:5)\n    at runSuite (file:///Users/griffin/Projects/firefighterHub/node_modules/.pnpm/@vitest+runner@4.0.7/node_modules/@vitest/runner/dist/index.js:1468:8)"],"meta":{}},{"ancestorTitles":["Error Handling - Calendar Utils","autoScheduleNextHolds"],"fullName":"Error Handling - Calendar Utils autoScheduleNextHolds should return empty array for undefined firefighters","status":"failed","title":"should return empty array for undefined firefighters","duration":0.19354199999997945,"failureMessages":["TypeError: Cannot read properties of undefined (reading 'filter')\n    at autoScheduleNextHolds (/Users/griffin/Projects/firefighterHub/src/utils/calendarUtils.ts:159:6)\n    at /Users/griffin/Projects/firefighterHub/src/utils/holdManagement.errorHandling.test.ts:85:22\n    at file:///Users/griffin/Projects/firefighterHub/node_modules/.pnpm/@vitest+runner@4.0.7/node_modules/@vitest/runner/dist/index.js:157:11\n    at file:///Users/griffin/Projects/firefighterHub/node_modules/.pnpm/@vitest+runner@4.0.7/node_modules/@vitest/runner/dist/index.js:753:26\n    at file:///Users/griffin/Projects/firefighterHub/node_modules/.pnpm/@vitest+runner@4.0.7/node_modules/@vitest/runner/dist/index.js:1636:20\n    at new Promise (<anonymous>)\n    at runWithTimeout (file:///Users/griffin/Projects/firefighterHub/node_modules/.pnpm/@vitest+runner@4.0.7/node_modules/@vitest/runner/dist/index.js:1602:10)\n    at runTest (file:///Users/griffin/Projects/firefighterHub/node_modules/.pnpm/@vitest+runner@4.0.7/node_modules/@vitest/runner/dist/index.js:1309:12)\n    at processTicksAndRejections (node:internal/process/task_queues:105:5)\n    at runSuite (file:///Users/griffin/Projects/firefighterHub/node_modules/.pnpm/@vitest+runner@4.0.7/node_modules/@vitest/runner/dist/index.js:1468:8)"],"meta":{}},{"ancestorTitles":["Error Handling - Calendar Utils","autoScheduleNextHolds"],"fullName":"Error Handling - Calendar Utils autoScheduleNextHolds should return empty array for empty firefighters","status":"passed","title":"should return empty array for empty firefighters","duration":0.1078340000000253,"failureMessages":[],"meta":{}},{"ancestorTitles":["Error Handling - Calendar Utils","autoScheduleNextHolds"],"fullName":"Error Handling - Calendar Utils autoScheduleNextHolds should handle zero days to schedule","status":"passed","title":"should handle zero days to schedule","duration":0.38458300000002055,"failureMessages":[],"meta":{}},{"ancestorTitles":["Error Handling - Calendar Utils","autoScheduleNextHolds"],"fullName":"Error Handling - Calendar Utils autoScheduleNextHolds should handle negative days to schedule","status":"passed","title":"should handle negative days to schedule","duration":0.10554100000001654,"failureMessages":[],"meta":{}},{"ancestorTitles":["Error Handling - Calendar Utils","autoScheduleNextHolds"],"fullName":"Error Handling - Calendar Utils autoScheduleNextHolds should handle very large days to schedule (365 days)","status":"passed","title":"should handle very large days to schedule (365 days)","duration":0.4749170000000049,"failureMessages":[],"meta":{}},{"ancestorTitles":["Error Handling - Calendar Utils","autoScheduleNextHolds"],"fullName":"Error Handling - Calendar Utils autoScheduleNextHolds should handle all unavailable firefighters","status":"passed","title":"should handle all unavailable firefighters","duration":0.06566699999996217,"failureMessages":[],"meta":{}},{"ancestorTitles":["Error Handling - Calendar Utils","autoScheduleNextHolds"],"fullName":"Error Handling - Calendar Utils autoScheduleNextHolds should handle invalid start date","status":"failed","title":"should handle invalid start date","duration":0.8298750000000155,"failureMessages":["AssertionError: expected [Function] to throw an error\n    at Proxy.<anonymous> (file:///Users/griffin/Projects/firefighterHub/node_modules/.pnpm/@vitest+expect@4.0.7/node_modules/@vitest/expect/dist/index.js:1481:16)\n    at Proxy.<anonymous> (file:///Users/griffin/Projects/firefighterHub/node_modules/.pnpm/@vitest+expect@4.0.7/node_modules/@vitest/expect/dist/index.js:1086:14)\n    at Proxy.methodWrapper (file:///Users/griffin/Projects/firefighterHub/node_modules/.pnpm/chai@6.2.0/node_modules/chai/index.js:1701:25)\n    at /Users/griffin/Projects/firefighterHub/src/utils/holdManagement.errorHandling.test.ts:141:10\n    at file:///Users/griffin/Projects/firefighterHub/node_modules/.pnpm/@vitest+runner@4.0.7/node_modules/@vitest/runner/dist/index.js:157:11\n    at file:///Users/griffin/Projects/firefighterHub/node_modules/.pnpm/@vitest+runner@4.0.7/node_modules/@vitest/runner/dist/index.js:753:26\n    at file:///Users/griffin/Projects/firefighterHub/node_modules/.pnpm/@vitest+runner@4.0.7/node_modules/@vitest/runner/dist/index.js:1636:20\n    at new Promise (<anonymous>)\n    at runWithTimeout (file:///Users/griffin/Projects/firefighterHub/node_modules/.pnpm/@vitest+runner@4.0.7/node_modules/@vitest/runner/dist/index.js:1602:10)\n    at runTest (file:///Users/griffin/Projects/firefighterHub/node_modules/.pnpm/@vitest+runner@4.0.7/node_modules/@vitest/runner/dist/index.js:1309:12)"],"meta":{}},{"ancestorTitles":["Error Handling - Calendar Utils","formatDateForDB"],"fullName":"Error Handling - Calendar Utils formatDateForDB should throw for invalid date","status":"failed","title":"should throw for invalid date","duration":0.20975000000009913,"failureMessages":["AssertionError: expected [Function] to throw an error\n    at Proxy.<anonymous> (file:///Users/griffin/Projects/firefighterHub/node_modules/.pnpm/@vitest+expect@4.0.7/node_modules/@vitest/expect/dist/index.js:1481:16)\n    at Proxy.<anonymous> (file:///Users/griffin/Projects/firefighterHub/node_modules/.pnpm/@vitest+expect@4.0.7/node_modules/@vitest/expect/dist/index.js:1086:14)\n    at Proxy.methodWrapper (file:///Users/griffin/Projects/firefighterHub/node_modules/.pnpm/chai@6.2.0/node_modules/chai/index.js:1701:25)\n    at /Users/griffin/Projects/firefighterHub/src/utils/holdManagement.errorHandling.test.ts:149:10\n    at file:///Users/griffin/Projects/firefighterHub/node_modules/.pnpm/@vitest+runner@4.0.7/node_modules/@vitest/runner/dist/index.js:157:11\n    at file:///Users/griffin/Projects/firefighterHub/node_modules/.pnpm/@vitest+runner@4.0.7/node_modules/@vitest/runner/dist/index.js:753:26\n    at file:///Users/griffin/Projects/firefighterHub/node_modules/.pnpm/@vitest+runner@4.0.7/node_modules/@vitest/runner/dist/index.js:1636:20\n    at new Promise (<anonymous>)\n    at runWithTimeout (file:///Users/griffin/Projects/firefighterHub/node_modules/.pnpm/@vitest+runner@4.0.7/node_modules/@vitest/runner/dist/index.js:1602:10)\n    at runTest (file:///Users/griffin/Projects/firefighterHub/node_modules/.pnpm/@vitest+runner@4.0.7/node_modules/@vitest/runner/dist/index.js:1309:12)"],"meta":{}},{"ancestorTitles":["Error Handling - Calendar Utils","formatDateForDB"],"fullName":"Error Handling - Calendar Utils formatDateForDB should throw for null date","status":"passed","title":"should throw for null date","duration":0.12941700000010314,"failureMessages":[],"meta":{}},{"ancestorTitles":["Error Handling - Calendar Utils","formatDateForDB"],"fullName":"Error Handling - Calendar Utils formatDateForDB should throw for undefined date","status":"passed","title":"should throw for undefined date","duration":8.21104200000002,"failureMessages":[],"meta":{}},{"ancestorTitles":["Error Handling - Calendar Utils","formatDateForDB"],"fullName":"Error Handling - Calendar Utils formatDateForDB should handle dates at epoch boundary","status":"passed","title":"should handle dates at epoch boundary","duration":0.16870899999992162,"failureMessages":[],"meta":{}},{"ancestorTitles":["Error Handling - Calendar Utils","formatDateForDB"],"fullName":"Error Handling - Calendar Utils formatDateForDB should handle far future dates","status":"passed","title":"should handle far future dates","duration":0.06454200000007404,"failureMessages":[],"meta":{}},{"ancestorTitles":["Error Handling - Calendar Utils","parseDateStringLocal"],"fullName":"Error Handling - Calendar Utils parseDateStringLocal should throw for malformed date string","status":"failed","title":"should throw for malformed date string","duration":7.662417000000005,"failureMessages":["AssertionError: expected [Function] to throw an error\n    at Proxy.<anonymous> (file:///Users/griffin/Projects/firefighterHub/node_modules/.pnpm/@vitest+expect@4.0.7/node_modules/@vitest/expect/dist/index.js:1481:16)\n    at Proxy.<anonymous> (file:///Users/griffin/Projects/firefighterHub/node_modules/.pnpm/@vitest+expect@4.0.7/node_modules/@vitest/expect/dist/index.js:1086:14)\n    at Proxy.methodWrapper (file:///Users/griffin/Projects/firefighterHub/node_modules/.pnpm/chai@6.2.0/node_modules/chai/index.js:1701:25)\n    at /Users/griffin/Projects/firefighterHub/src/utils/holdManagement.errorHandling.test.ts:183:10\n    at file:///Users/griffin/Projects/firefighterHub/node_modules/.pnpm/@vitest+runner@4.0.7/node_modules/@vitest/runner/dist/index.js:157:11\n    at file:///Users/griffin/Projects/firefighterHub/node_modules/.pnpm/@vitest+runner@4.0.7/node_modules/@vitest/runner/dist/index.js:753:26\n    at file:///Users/griffin/Projects/firefighterHub/node_modules/.pnpm/@vitest+runner@4.0.7/node_modules/@vitest/runner/dist/index.js:1636:20\n    at new Promise (<anonymous>)\n    at runWithTimeout (file:///Users/griffin/Projects/firefighterHub/node_modules/.pnpm/@vitest+runner@4.0.7/node_modules/@vitest/runner/dist/index.js:1602:10)\n    at runTest (file:///Users/griffin/Projects/firefighterHub/node_modules/.pnpm/@vitest+runner@4.0.7/node_modules/@vitest/runner/dist/index.js:1309:12)"],"meta":{}},{"ancestorTitles":["Error Handling - Calendar Utils","parseDateStringLocal"],"fullName":"Error Handling - Calendar Utils parseDateStringLocal should throw for null input","status":"passed","title":"should throw for null input","duration":0.1536669999999276,"failureMessages":[],"meta":{}},{"ancestorTitles":["Error Handling - Calendar Utils","parseDateStringLocal"],"fullName":"Error Handling - Calendar Utils parseDateStringLocal should throw for undefined input","status":"passed","title":"should throw for undefined input","duration":0.14220899999997982,"failureMessages":[],"meta":{}},{"ancestorTitles":["Error Handling - Calendar Utils","parseDateStringLocal"],"fullName":"Error Handling - Calendar Utils parseDateStringLocal should throw for empty string","status":"failed","title":"should throw for empty string","duration":0.29970800000000963,"failureMessages":["AssertionError: expected [Function] to throw an error\n    at Proxy.<anonymous> (file:///Users/griffin/Projects/firefighterHub/node_modules/.pnpm/@vitest+expect@4.0.7/node_modules/@vitest/expect/dist/index.js:1481:16)\n    at Proxy.<anonymous> (file:///Users/griffin/Projects/firefighterHub/node_modules/.pnpm/@vitest+expect@4.0.7/node_modules/@vitest/expect/dist/index.js:1086:14)\n    at Proxy.methodWrapper (file:///Users/griffin/Projects/firefighterHub/node_modules/.pnpm/chai@6.2.0/node_modules/chai/index.js:1701:25)\n    at /Users/griffin/Projects/firefighterHub/src/utils/holdManagement.errorHandling.test.ts:201:10\n    at file:///Users/griffin/Projects/firefighterHub/node_modules/.pnpm/@vitest+runner@4.0.7/node_modules/@vitest/runner/dist/index.js:157:11\n    at file:///Users/griffin/Projects/firefighterHub/node_modules/.pnpm/@vitest+runner@4.0.7/node_modules/@vitest/runner/dist/index.js:753:26\n    at file:///Users/griffin/Projects/firefighterHub/node_modules/.pnpm/@vitest+runner@4.0.7/node_modules/@vitest/runner/dist/index.js:1636:20\n    at new Promise (<anonymous>)\n    at runWithTimeout (file:///Users/griffin/Projects/firefighterHub/node_modules/.pnpm/@vitest+runner@4.0.7/node_modules/@vitest/runner/dist/index.js:1602:10)\n    at runTest (file:///Users/griffin/Projects/firefighterHub/node_modules/.pnpm/@vitest+runner@4.0.7/node_modules/@vitest/runner/dist/index.js:1309:12)"],"meta":{}},{"ancestorTitles":["Error Handling - Calendar Utils","parseDateStringLocal"],"fullName":"Error Handling - Calendar Utils parseDateStringLocal should throw for incomplete date string","status":"failed","title":"should throw for incomplete date string","duration":0.23287499999992178,"failureMessages":["AssertionError: expected [Function] to throw an error\n    at Proxy.<anonymous> (file:///Users/griffin/Projects/firefighterHub/node_modules/.pnpm/@vitest+expect@4.0.7/node_modules/@vitest/expect/dist/index.js:1481:16)\n    at Proxy.<anonymous> (file:///Users/griffin/Projects/firefighterHub/node_modules/.pnpm/@vitest+expect@4.0.7/node_modules/@vitest/expect/dist/index.js:1086:14)\n    at Proxy.methodWrapper (file:///Users/griffin/Projects/firefighterHub/node_modules/.pnpm/chai@6.2.0/node_modules/chai/index.js:1701:25)\n    at /Users/griffin/Projects/firefighterHub/src/utils/holdManagement.errorHandling.test.ts:207:10\n    at file:///Users/griffin/Projects/firefighterHub/node_modules/.pnpm/@vitest+runner@4.0.7/node_modules/@vitest/runner/dist/index.js:157:11\n    at file:///Users/griffin/Projects/firefighterHub/node_modules/.pnpm/@vitest+runner@4.0.7/node_modules/@vitest/runner/dist/index.js:753:26\n    at file:///Users/griffin/Projects/firefighterHub/node_modules/.pnpm/@vitest+runner@4.0.7/node_modules/@vitest/runner/dist/index.js:1636:20\n    at new Promise (<anonymous>)\n    at runWithTimeout (file:///Users/griffin/Projects/firefighterHub/node_modules/.pnpm/@vitest+runner@4.0.7/node_modules/@vitest/runner/dist/index.js:1602:10)\n    at runTest (file:///Users/griffin/Projects/firefighterHub/node_modules/.pnpm/@vitest+runner@4.0.7/node_modules/@vitest/runner/dist/index.js:1309:12)"],"meta":{}},{"ancestorTitles":["Error Handling - Calendar Utils","parseDateStringLocal"],"fullName":"Error Handling - Calendar Utils parseDateStringLocal should handle date string with invalid month","status":"failed","title":"should handle date string with invalid month","duration":0.1629169999999931,"failureMessages":["AssertionError: expected [Function] to throw an error\n    at Proxy.<anonymous> (file:///Users/griffin/Projects/firefighterHub/node_modules/.pnpm/@vitest+expect@4.0.7/node_modules/@vitest/expect/dist/index.js:1481:16)\n    at Proxy.<anonymous> (file:///Users/griffin/Projects/firefighterHub/node_modules/.pnpm/@vitest+expect@4.0.7/node_modules/@vitest/expect/dist/index.js:1086:14)\n    at Proxy.methodWrapper (file:///Users/griffin/Projects/firefighterHub/node_modules/.pnpm/chai@6.2.0/node_modules/chai/index.js:1701:25)\n    at /Users/griffin/Projects/firefighterHub/src/utils/holdManagement.errorHandling.test.ts:213:10\n    at file:///Users/griffin/Projects/firefighterHub/node_modules/.pnpm/@vitest+runner@4.0.7/node_modules/@vitest/runner/dist/index.js:157:11\n    at file:///Users/griffin/Projects/firefighterHub/node_modules/.pnpm/@vitest+runner@4.0.7/node_modules/@vitest/runner/dist/index.js:753:26\n    at file:///Users/griffin/Projects/firefighterHub/node_modules/.pnpm/@vitest+runner@4.0.7/node_modules/@vitest/runner/dist/index.js:1636:20\n    at new Promise (<anonymous>)\n    at runWithTimeout (file:///Users/griffin/Projects/firefighterHub/node_modules/.pnpm/@vitest+runner@4.0.7/node_modules/@vitest/runner/dist/index.js:1602:10)\n    at runTest (file:///Users/griffin/Projects/firefighterHub/node_modules/.pnpm/@vitest+runner@4.0.7/node_modules/@vitest/runner/dist/index.js:1309:12)"],"meta":{}},{"ancestorTitles":["Error Handling - Calendar Utils","parseDateStringLocal"],"fullName":"Error Handling - Calendar Utils parseDateStringLocal should handle date string with invalid day","status":"failed","title":"should handle date string with invalid day","duration":0.18966699999998582,"failureMessages":["AssertionError: expected [Function] to throw an error\n    at Proxy.<anonymous> (file:///Users/griffin/Projects/firefighterHub/node_modules/.pnpm/@vitest+expect@4.0.7/node_modules/@vitest/expect/dist/index.js:1481:16)\n    at Proxy.<anonymous> (file:///Users/griffin/Projects/firefighterHub/node_modules/.pnpm/@vitest+expect@4.0.7/node_modules/@vitest/expect/dist/index.js:1086:14)\n    at Proxy.methodWrapper (file:///Users/griffin/Projects/firefighterHub/node_modules/.pnpm/chai@6.2.0/node_modules/chai/index.js:1701:25)\n    at /Users/griffin/Projects/firefighterHub/src/utils/holdManagement.errorHandling.test.ts:219:10\n    at file:///Users/griffin/Projects/firefighterHub/node_modules/.pnpm/@vitest+runner@4.0.7/node_modules/@vitest/runner/dist/index.js:157:11\n    at file:///Users/griffin/Projects/firefighterHub/node_modules/.pnpm/@vitest+runner@4.0.7/node_modules/@vitest/runner/dist/index.js:753:26\n    at file:///Users/griffin/Projects/firefighterHub/node_modules/.pnpm/@vitest+runner@4.0.7/node_modules/@vitest/runner/dist/index.js:1636:20\n    at new Promise (<anonymous>)\n    at runWithTimeout (file:///Users/griffin/Projects/firefighterHub/node_modules/.pnpm/@vitest+runner@4.0.7/node_modules/@vitest/runner/dist/index.js:1602:10)\n    at runTest (file:///Users/griffin/Projects/firefighterHub/node_modules/.pnpm/@vitest+runner@4.0.7/node_modules/@vitest/runner/dist/index.js:1309:12)"],"meta":{}},{"ancestorTitles":["Error Handling - Calendar Utils","attachScheduledHolds"],"fullName":"Error Handling - Calendar Utils attachScheduledHolds should handle null holds array","status":"failed","title":"should handle null holds array","duration":0.18399999999996908,"failureMessages":["TypeError: Cannot read properties of null (reading 'forEach')\n    at attachScheduledHolds (/Users/griffin/Projects/firefighterHub/src/utils/calendarUtils.ts:74:9)\n    at /Users/griffin/Projects/firefighterHub/src/utils/holdManagement.errorHandling.test.ts:237:22\n    at file:///Users/griffin/Projects/firefighterHub/node_modules/.pnpm/@vitest+runner@4.0.7/node_modules/@vitest/runner/dist/index.js:157:11\n    at file:///Users/griffin/Projects/firefighterHub/node_modules/.pnpm/@vitest+runner@4.0.7/node_modules/@vitest/runner/dist/index.js:753:26\n    at file:///Users/griffin/Projects/firefighterHub/node_modules/.pnpm/@vitest+runner@4.0.7/node_modules/@vitest/runner/dist/index.js:1636:20\n    at new Promise (<anonymous>)\n    at runWithTimeout (file:///Users/griffin/Projects/firefighterHub/node_modules/.pnpm/@vitest+runner@4.0.7/node_modules/@vitest/runner/dist/index.js:1602:10)\n    at runTest (file:///Users/griffin/Projects/firefighterHub/node_modules/.pnpm/@vitest+runner@4.0.7/node_modules/@vitest/runner/dist/index.js:1309:12)\n    at processTicksAndRejections (node:internal/process/task_queues:105:5)\n    at runSuite (file:///Users/griffin/Projects/firefighterHub/node_modules/.pnpm/@vitest+runner@4.0.7/node_modules/@vitest/runner/dist/index.js:1468:8)"],"meta":{}},{"ancestorTitles":["Error Handling - Calendar Utils","attachScheduledHolds"],"fullName":"Error Handling - Calendar Utils attachScheduledHolds should handle null firefighters array","status":"passed","title":"should handle null firefighters array","duration":0.0992909999999938,"failureMessages":[],"meta":{}},{"ancestorTitles":["Error Handling - Calendar Utils","attachScheduledHolds"],"fullName":"Error Handling - Calendar Utils attachScheduledHolds should handle holds with invalid date formats gracefully","status":"passed","title":"should handle holds with invalid date formats gracefully","duration":0.09625000000005457,"failureMessages":[],"meta":{}},{"ancestorTitles":["Error Handling - Rotation Logic","moveToBottom"],"fullName":"Error Handling - Rotation Logic moveToBottom should return unchanged array for non-existent ID","status":"passed","title":"should return unchanged array for non-existent ID","duration":0.10199999999997544,"failureMessages":[],"meta":{}},{"ancestorTitles":["Error Handling - Rotation Logic","moveToBottom"],"fullName":"Error Handling - Rotation Logic moveToBottom should handle null firefighter ID","status":"passed","title":"should handle null firefighter ID","duration":0.04608300000006693,"failureMessages":[],"meta":{}},{"ancestorTitles":["Error Handling - Rotation Logic","moveToBottom"],"fullName":"Error Handling - Rotation Logic moveToBottom should handle undefined firefighter ID","status":"passed","title":"should handle undefined firefighter ID","duration":0.0404999999999518,"failureMessages":[],"meta":{}},{"ancestorTitles":["Error Handling - Rotation Logic","moveToBottom"],"fullName":"Error Handling - Rotation Logic moveToBottom should handle empty firefighters array","status":"passed","title":"should handle empty firefighters array","duration":0.04291699999998855,"failureMessages":[],"meta":{}},{"ancestorTitles":["Error Handling - Rotation Logic","moveToBottom"],"fullName":"Error Handling - Rotation Logic moveToBottom should return unchanged for unavailable firefighter","status":"passed","title":"should return unchanged for unavailable firefighter","duration":0.04316700000003948,"failureMessages":[],"meta":{}},{"ancestorTitles":["Error Handling - Rotation Logic","recalculatePositions"],"fullName":"Error Handling - Rotation Logic recalculatePositions should handle empty array","status":"passed","title":"should handle empty array","duration":0.05895799999996143,"failureMessages":[],"meta":{}},{"ancestorTitles":["Error Handling - Rotation Logic","recalculatePositions"],"fullName":"Error Handling - Rotation Logic recalculatePositions should handle single firefighter","status":"passed","title":"should handle single firefighter","duration":0.056958000000008724,"failureMessages":[],"meta":{}},{"ancestorTitles":["Error Handling - Rotation Logic","recalculatePositions"],"fullName":"Error Handling - Rotation Logic recalculatePositions should handle all unavailable firefighters","status":"passed","title":"should handle all unavailable firefighters","duration":0.05483300000003055,"failureMessages":[],"meta":{}},{"ancestorTitles":["Error Handling - Rotation Logic","recalculatePositions"],"fullName":"Error Handling - Rotation Logic recalculatePositions should handle null in array","status":"passed","title":"should handle null in array","duration":0.07975000000010368,"failureMessages":[],"meta":{}},{"ancestorTitles":["Error Handling - Rotation Logic","sortFirefighters"],"fullName":"Error Handling - Rotation Logic sortFirefighters should handle empty array","status":"passed","title":"should handle empty array","duration":0.05466599999999744,"failureMessages":[],"meta":{}},{"ancestorTitles":["Error Handling - Rotation Logic","sortFirefighters"],"fullName":"Error Handling - Rotation Logic sortFirefighters should handle null/undefined in array","status":"passed","title":"should handle null/undefined in array","duration":0.06279200000005858,"failureMessages":[],"meta":{}},{"ancestorTitles":["Error Handling - Rotation Logic","sortFirefighters"],"fullName":"Error Handling - Rotation Logic sortFirefighters should handle firefighters with same order_position","status":"passed","title":"should handle firefighters with same order_position","duration":0.07012500000007549,"failureMessages":[],"meta":{}},{"ancestorTitles":["Error Handling - Rotation Logic","formatHoldListMessage"],"fullName":"Error Handling - Rotation Logic formatHoldListMessage should handle null firefighters","status":"failed","title":"should handle null firefighters","duration":0.2843750000000682,"failureMessages":["TypeError: Cannot read properties of null (reading 'filter')\n    at formatHoldListMessage (/Users/griffin/Projects/firefighterHub/src/utils/rotationLogic.ts:51:6)\n    at /Users/griffin/Projects/firefighterHub/src/utils/holdManagement.errorHandling.test.ts:447:22\n    at file:///Users/griffin/Projects/firefighterHub/node_modules/.pnpm/@vitest+runner@4.0.7/node_modules/@vitest/runner/dist/index.js:157:11\n    at file:///Users/griffin/Projects/firefighterHub/node_modules/.pnpm/@vitest+runner@4.0.7/node_modules/@vitest/runner/dist/index.js:753:26\n    at file:///Users/griffin/Projects/firefighterHub/node_modules/.pnpm/@vitest+runner@4.0.7/node_modules/@vitest/runner/dist/index.js:1636:20\n    at new Promise (<anonymous>)\n    at runWithTimeout (file:///Users/griffin/Projects/firefighterHub/node_modules/.pnpm/@vitest+runner@4.0.7/node_modules/@vitest/runner/dist/index.js:1602:10)\n    at runTest (file:///Users/griffin/Projects/firefighterHub/node_modules/.pnpm/@vitest+runner@4.0.7/node_modules/@vitest/runner/dist/index.js:1309:12)\n    at processTicksAndRejections (node:internal/process/task_queues:105:5)\n    at runSuite (file:///Users/griffin/Projects/firefighterHub/node_modules/.pnpm/@vitest+runner@4.0.7/node_modules/@vitest/runner/dist/index.js:1468:8)"],"meta":{}},{"ancestorTitles":["Error Handling - Rotation Logic","formatHoldListMessage"],"fullName":"Error Handling - Rotation Logic formatHoldListMessage should handle undefined firefighters","status":"failed","title":"should handle undefined firefighters","duration":0.14791700000000674,"failureMessages":["TypeError: Cannot read properties of undefined (reading 'filter')\n    at formatHoldListMessage (/Users/griffin/Projects/firefighterHub/src/utils/rotationLogic.ts:51:6)\n    at /Users/griffin/Projects/firefighterHub/src/utils/holdManagement.errorHandling.test.ts:453:22\n    at file:///Users/griffin/Projects/firefighterHub/node_modules/.pnpm/@vitest+runner@4.0.7/node_modules/@vitest/runner/dist/index.js:157:11\n    at file:///Users/griffin/Projects/firefighterHub/node_modules/.pnpm/@vitest+runner@4.0.7/node_modules/@vitest/runner/dist/index.js:753:26\n    at file:///Users/griffin/Projects/firefighterHub/node_modules/.pnpm/@vitest+runner@4.0.7/node_modules/@vitest/runner/dist/index.js:1636:20\n    at new Promise (<anonymous>)\n    at runWithTimeout (file:///Users/griffin/Projects/firefighterHub/node_modules/.pnpm/@vitest+runner@4.0.7/node_modules/@vitest/runner/dist/index.js:1602:10)\n    at runTest (file:///Users/griffin/Projects/firefighterHub/node_modules/.pnpm/@vitest+runner@4.0.7/node_modules/@vitest/runner/dist/index.js:1309:12)\n    at processTicksAndRejections (node:internal/process/task_queues:105:5)\n    at runSuite (file:///Users/griffin/Projects/firefighterHub/node_modules/.pnpm/@vitest+runner@4.0.7/node_modules/@vitest/runner/dist/index.js:1468:8)"],"meta":{}},{"ancestorTitles":["Error Handling - Rotation Logic","formatHoldListMessage"],"fullName":"Error Handling - Rotation Logic formatHoldListMessage should handle empty array","status":"passed","title":"should handle empty array","duration":0.14541700000006585,"failureMessages":[],"meta":{}},{"ancestorTitles":["Error Handling - Rotation Logic","formatHoldListMessage"],"fullName":"Error Handling - Rotation Logic formatHoldListMessage should handle firefighters with missing names","status":"passed","title":"should handle firefighters with missing names","duration":0.06912499999998545,"failureMessages":[],"meta":{}},{"ancestorTitles":["Error Handling - Rotation Logic","formatHoldListMessage"],"fullName":"Error Handling - Rotation Logic formatHoldListMessage should handle firefighters with null fire_station","status":"passed","title":"should handle firefighters with null fire_station","duration":0.04875000000004093,"failureMessages":[],"meta":{}},{"ancestorTitles":["Error Handling - Rotation Logic","formatHoldListMessage"],"fullName":"Error Handling - Rotation Logic formatHoldListMessage should handle firefighters with null last_hold_date","status":"passed","title":"should handle firefighters with null last_hold_date","duration":0.042041000000040185,"failureMessages":[],"meta":{}}],"startTime":1762546253837,"endTime":1762546253881.2844,"status":"failed","message":"","name":"/Users/griffin/Projects/firefighterHub/src/utils/holdManagement.errorHandling.test.ts"},{"assertionResults":[{"ancestorTitles":["Hold Management System","1. Rotation Logic - Hold Assignment"],"fullName":"Hold Management System 1. Rotation Logic - Hold Assignment R1.1: Next available firefighter should be at position 0","status":"passed","title":"R1.1: Next available firefighter should be at position 0","duration":0.9917080000000169,"failureMessages":[],"meta":{}},{"ancestorTitles":["Hold Management System","1. Rotation Logic - Hold Assignment"],"fullName":"Hold Management System 1. Rotation Logic - Hold Assignment R1.2: Unavailable firefighters should be excluded from next up","status":"passed","title":"R1.2: Unavailable firefighters should be excluded from next up","duration":0.19412499999998545,"failureMessages":[],"meta":{}},{"ancestorTitles":["Hold Management System","1. Rotation Logic - Hold Assignment"],"fullName":"Hold Management System 1. Rotation Logic - Hold Assignment R1.3: After completing hold, firefighter moves to bottom of rotation","status":"passed","title":"R1.3: After completing hold, firefighter moves to bottom of rotation","duration":0.25912499999981264,"failureMessages":[],"meta":{}},{"ancestorTitles":["Hold Management System","1. Rotation Logic - Hold Assignment"],"fullName":"Hold Management System 1. Rotation Logic - Hold Assignment R1.4: Rotation respects order_position sorting","status":"passed","title":"R1.4: Rotation respects order_position sorting","duration":0.2608339999999316,"failureMessages":[],"meta":{}},{"ancestorTitles":["Hold Management System","1. Rotation Logic - Hold Assignment"],"fullName":"Hold Management System 1. Rotation Logic - Hold Assignment R1.5: Position recalculation removes gaps","status":"passed","title":"R1.5: Position recalculation removes gaps","duration":0.09487500000000182,"failureMessages":[],"meta":{}},{"ancestorTitles":["Hold Management System","2. Calendar Entries - Hold Scheduling"],"fullName":"Hold Management System 2. Calendar Entries - Hold Scheduling R2.1: Auto-schedule creates holds for specified number of days","status":"passed","title":"R2.1: Auto-schedule creates holds for specified number of days","duration":0.4910000000002128,"failureMessages":[],"meta":{}},{"ancestorTitles":["Hold Management System","2. Calendar Entries - Hold Scheduling"],"fullName":"Hold Management System 2. Calendar Entries - Hold Scheduling R2.2: Auto-schedule rotates through available firefighters","status":"passed","title":"R2.2: Auto-schedule rotates through available firefighters","duration":0.3897919999999431,"failureMessages":[],"meta":{}},{"ancestorTitles":["Hold Management System","2. Calendar Entries - Hold Scheduling"],"fullName":"Hold Management System 2. Calendar Entries - Hold Scheduling R2.3: Holds attach to correct calendar days","status":"passed","title":"R2.3: Holds attach to correct calendar days","duration":0.6299999999998818,"failureMessages":[],"meta":{}},{"ancestorTitles":["Hold Management System","2. Calendar Entries - Hold Scheduling"],"fullName":"Hold Management System 2. Calendar Entries - Hold Scheduling R2.4: Multiple holds on same day are supported","status":"passed","title":"R2.4: Multiple holds on same day are supported","duration":0.30379100000004655,"failureMessages":[],"meta":{}},{"ancestorTitles":["Hold Management System","2. Calendar Entries - Hold Scheduling"],"fullName":"Hold Management System 2. Calendar Entries - Hold Scheduling R2.5: Past holds from last_hold_date are included","status":"failed","title":"R2.5: Past holds from last_hold_date are included","duration":4.87237499999992,"failureMessages":["AssertionError: expected [] to have a length of 1 but got +0\n    at Proxy.<anonymous> (file:///Users/griffin/Projects/firefighterHub/node_modules/.pnpm/@vitest+expect@4.0.7/node_modules/@vitest/expect/dist/index.js:1318:20)\n    at Proxy.<anonymous> (file:///Users/griffin/Projects/firefighterHub/node_modules/.pnpm/@vitest+expect@4.0.7/node_modules/@vitest/expect/dist/index.js:1086:14)\n    at Proxy.methodWrapper (file:///Users/griffin/Projects/firefighterHub/node_modules/.pnpm/chai@6.2.0/node_modules/chai/index.js:1701:25)\n    at /Users/griffin/Projects/firefighterHub/src/utils/holdManagement.test.ts:321:40\n    at file:///Users/griffin/Projects/firefighterHub/node_modules/.pnpm/@vitest+runner@4.0.7/node_modules/@vitest/runner/dist/index.js:157:11\n    at file:///Users/griffin/Projects/firefighterHub/node_modules/.pnpm/@vitest+runner@4.0.7/node_modules/@vitest/runner/dist/index.js:753:26\n    at file:///Users/griffin/Projects/firefighterHub/node_modules/.pnpm/@vitest+runner@4.0.7/node_modules/@vitest/runner/dist/index.js:1636:20\n    at new Promise (<anonymous>)\n    at runWithTimeout (file:///Users/griffin/Projects/firefighterHub/node_modules/.pnpm/@vitest+runner@4.0.7/node_modules/@vitest/runner/dist/index.js:1602:10)\n    at runTest (file:///Users/griffin/Projects/firefighterHub/node_modules/.pnpm/@vitest+runner@4.0.7/node_modules/@vitest/runner/dist/index.js:1309:12)"],"meta":{}},{"ancestorTitles":["Hold Management System","3. Hold History - Data Tracking"],"fullName":"Hold Management System 3. Hold History - Data Tracking R3.1: Hold history preserves completed holds in calendar","status":"failed","title":"R3.1: Hold history preserves completed holds in calendar","duration":0.5186249999999291,"failureMessages":["AssertionError: expected [] to have a length of 1 but got +0\n    at Proxy.<anonymous> (file:///Users/griffin/Projects/firefighterHub/node_modules/.pnpm/@vitest+expect@4.0.7/node_modules/@vitest/expect/dist/index.js:1318:20)\n    at Proxy.<anonymous> (file:///Users/griffin/Projects/firefighterHub/node_modules/.pnpm/@vitest+expect@4.0.7/node_modules/@vitest/expect/dist/index.js:1086:14)\n    at Proxy.methodWrapper (file:///Users/griffin/Projects/firefighterHub/node_modules/.pnpm/chai@6.2.0/node_modules/chai/index.js:1701:25)\n    at /Users/griffin/Projects/firefighterHub/src/utils/holdManagement.test.ts:352:40\n    at file:///Users/griffin/Projects/firefighterHub/node_modules/.pnpm/@vitest+runner@4.0.7/node_modules/@vitest/runner/dist/index.js:157:11\n    at file:///Users/griffin/Projects/firefighterHub/node_modules/.pnpm/@vitest+runner@4.0.7/node_modules/@vitest/runner/dist/index.js:753:26\n    at file:///Users/griffin/Projects/firefighterHub/node_modules/.pnpm/@vitest+runner@4.0.7/node_modules/@vitest/runner/dist/index.js:1636:20\n    at new Promise (<anonymous>)\n    at runWithTimeout (file:///Users/griffin/Projects/firefighterHub/node_modules/.pnpm/@vitest+runner@4.0.7/node_modules/@vitest/runner/dist/index.js:1602:10)\n    at runTest (file:///Users/griffin/Projects/firefighterHub/node_modules/.pnpm/@vitest+runner@4.0.7/node_modules/@vitest/runner/dist/index.js:1309:12)"],"meta":{}},{"ancestorTitles":["Hold Management System","3. Hold History - Data Tracking"],"fullName":"Hold Management System 3. Hold History - Data Tracking R3.2: Hold list message formats available firefighters","status":"passed","title":"R3.2: Hold list message formats available firefighters","duration":12.676874999999882,"failureMessages":[],"meta":{}},{"ancestorTitles":["Hold Management System","3. Hold History - Data Tracking"],"fullName":"Hold Management System 3. Hold History - Data Tracking R3.3: Unavailable firefighters excluded from hold list","status":"passed","title":"R3.3: Unavailable firefighters excluded from hold list","duration":0.10170799999991686,"failureMessages":[],"meta":{}},{"ancestorTitles":["Hold Management System","3. Hold History - Data Tracking"],"fullName":"Hold Management System 3. Hold History - Data Tracking R3.4: Empty hold list shows appropriate message","status":"passed","title":"R3.4: Empty hold list shows appropriate message","duration":0.044249999999919964,"failureMessages":[],"meta":{}},{"ancestorTitles":["Hold Management System","5. Date Handling - Timezone Safety"],"fullName":"Hold Management System 5. Date Handling - Timezone Safety R5.1: formatDateForDB returns YYYY-MM-DD format","status":"passed","title":"R5.1: formatDateForDB returns YYYY-MM-DD format","duration":0.11208400000009533,"failureMessages":[],"meta":{}},{"ancestorTitles":["Hold Management System","5. Date Handling - Timezone Safety"],"fullName":"Hold Management System 5. Date Handling - Timezone Safety R5.2: parseDateStringLocal maintains date consistency","status":"passed","title":"R5.2: parseDateStringLocal maintains date consistency","duration":0.08775000000014188,"failureMessages":[],"meta":{}},{"ancestorTitles":["Hold Management System","5. Date Handling - Timezone Safety"],"fullName":"Hold Management System 5. Date Handling - Timezone Safety R5.3: Date formatting handles month/day padding","status":"passed","title":"R5.3: Date formatting handles month/day padding","duration":0.03908400000000256,"failureMessages":[],"meta":{}},{"ancestorTitles":["Hold Management System","5. Date Handling - Timezone Safety"],"fullName":"Hold Management System 5. Date Handling - Timezone Safety R5.4: Round-trip date conversion preserves values","status":"passed","title":"R5.4: Round-trip date conversion preserves values","duration":0.12966700000015408,"failureMessages":[],"meta":{}},{"ancestorTitles":["Hold Management System","6. Shift-Based Data Isolation"],"fullName":"Hold Management System 6. Shift-Based Data Isolation R6.1: Auto-schedule respects shift assignments","status":"passed","title":"R6.1: Auto-schedule respects shift assignments","duration":0.140041999999994,"failureMessages":[],"meta":{}},{"ancestorTitles":["Hold Management System","6. Shift-Based Data Isolation"],"fullName":"Hold Management System 6. Shift-Based Data Isolation R6.2: Hold creation inherits firefighter shift","status":"passed","title":"R6.2: Hold creation inherits firefighter shift","duration":0.2061670000000504,"failureMessages":[],"meta":{}},{"ancestorTitles":["Hold Management System","6. Shift-Based Data Isolation"],"fullName":"Hold Management System 6. Shift-Based Data Isolation R6.3: Shift filtering maintains data isolation","status":"passed","title":"R6.3: Shift filtering maintains data isolation","duration":0.17345800000020972,"failureMessages":[],"meta":{}},{"ancestorTitles":["Hold Management System","7. Rotation Edge Cases"],"fullName":"Hold Management System 7. Rotation Edge Cases R7.1: Single firefighter rotation works correctly","status":"passed","title":"R7.1: Single firefighter rotation works correctly","duration":0.0647919999998976,"failureMessages":[],"meta":{}},{"ancestorTitles":["Hold Management System","7. Rotation Edge Cases"],"fullName":"Hold Management System 7. Rotation Edge Cases R7.2: Empty rotation returns null for next firefighter","status":"passed","title":"R7.2: Empty rotation returns null for next firefighter","duration":0.03912500000001273,"failureMessages":[],"meta":{}},{"ancestorTitles":["Hold Management System","7. Rotation Edge Cases"],"fullName":"Hold Management System 7. Rotation Edge Cases R7.3: All unavailable firefighters returns null","status":"passed","title":"R7.3: All unavailable firefighters returns null","duration":0.04791700000009769,"failureMessages":[],"meta":{}},{"ancestorTitles":["Hold Management System","7. Rotation Edge Cases"],"fullName":"Hold Management System 7. Rotation Edge Cases R7.4: Auto-schedule with no available firefighters returns empty","status":"passed","title":"R7.4: Auto-schedule with no available firefighters returns empty","duration":0.30520799999999326,"failureMessages":[],"meta":{}},{"ancestorTitles":["Hold Management System","7. Rotation Edge Cases"],"fullName":"Hold Management System 7. Rotation Edge Cases R7.5: Reactivating firefighter and recalculating positions","status":"passed","title":"R7.5: Reactivating firefighter and recalculating positions","duration":0.1336670000000595,"failureMessages":[],"meta":{}},{"ancestorTitles":["Hold Management System","9. Integration - Full Hold Workflow"],"fullName":"Hold Management System 9. Integration - Full Hold Workflow R9.1: Complete workflow - schedule, assign, complete, rotate","status":"passed","title":"R9.1: Complete workflow - schedule, assign, complete, rotate","duration":0.16862500000002,"failureMessages":[],"meta":{}},{"ancestorTitles":["Hold Management System","9. Integration - Full Hold Workflow"],"fullName":"Hold Management System 9. Integration - Full Hold Workflow R9.2: Auto-schedule maintains rotation order","status":"passed","title":"R9.2: Auto-schedule maintains rotation order","duration":0.12812499999995453,"failureMessages":[],"meta":{}},{"ancestorTitles":["Hold Management System","9. Integration - Full Hold Workflow"],"fullName":"Hold Management System 9. Integration - Full Hold Workflow R9.3: Hold cancellation workflow","status":"passed","title":"R9.3: Hold cancellation workflow","duration":0.11141599999996288,"failureMessages":[],"meta":{}}],"startTime":1762546252917,"endTime":1762546252941.1687,"status":"failed","message":"","name":"/Users/griffin/Projects/firefighterHub/src/utils/holdManagement.test.ts"},{"assertionResults":[{"ancestorTitles":["Hold Operations - Business Logic","R4.1: Status Transition Validation"],"fullName":"Hold Operations - Business Logic R4.1: Status Transition Validation should allow valid status transitions (scheduled → completed)","status":"passed","title":"should allow valid status transitions (scheduled → completed)","duration":0.7598329999999578,"failureMessages":[],"meta":{}},{"ancestorTitles":["Hold Operations - Business Logic","R4.1: Status Transition Validation"],"fullName":"Hold Operations - Business Logic R4.1: Status Transition Validation should allow valid status transitions (scheduled → skipped)","status":"passed","title":"should allow valid status transitions (scheduled → skipped)","duration":0.17212500000005093,"failureMessages":[],"meta":{}},{"ancestorTitles":["Hold Operations - Business Logic","R4.1: Status Transition Validation"],"fullName":"Hold Operations - Business Logic R4.1: Status Transition Validation should block invalid transitions (completed → scheduled)","status":"passed","title":"should block invalid transitions (completed → scheduled)","duration":0.20395799999994324,"failureMessages":[],"meta":{}},{"ancestorTitles":["Hold Operations - Business Logic","R4.1: Status Transition Validation"],"fullName":"Hold Operations - Business Logic R4.1: Status Transition Validation should block invalid transitions (completed → skipped)","status":"passed","title":"should block invalid transitions (completed → skipped)","duration":0.12341700000001765,"failureMessages":[],"meta":{}},{"ancestorTitles":["Hold Operations - Business Logic","R4.1: Status Transition Validation"],"fullName":"Hold Operations - Business Logic R4.1: Status Transition Validation should block skipped → completed without admin override","status":"passed","title":"should block skipped → completed without admin override","duration":0.07291699999996126,"failureMessages":[],"meta":{}},{"ancestorTitles":["Hold Operations - Business Logic","R4.2: Last Hold Date Update Logic"],"fullName":"Hold Operations - Business Logic R4.2: Last Hold Date Update Logic should update last_hold_date when marking hold completed","status":"passed","title":"should update last_hold_date when marking hold completed","duration":0.2825830000000451,"failureMessages":[],"meta":{}},{"ancestorTitles":["Hold Operations - Business Logic","R4.2: Last Hold Date Update Logic"],"fullName":"Hold Operations - Business Logic R4.2: Last Hold Date Update Logic should not update last_hold_date for skipped holds","status":"passed","title":"should not update last_hold_date for skipped holds","duration":0.05808400000000802,"failureMessages":[],"meta":{}},{"ancestorTitles":["Hold Operations - Business Logic","R4.2: Last Hold Date Update Logic"],"fullName":"Hold Operations - Business Logic R4.2: Last Hold Date Update Logic should preserve existing completed_at when status is already completed","status":"passed","title":"should preserve existing completed_at when status is already completed","duration":0.1100419999999076,"failureMessages":[],"meta":{}},{"ancestorTitles":["Hold Operations - Business Logic","R4.3: Duplicate Hold Prevention"],"fullName":"Hold Operations - Business Logic R4.3: Duplicate Hold Prevention should prevent duplicate hold on same date for same firefighter","status":"passed","title":"should prevent duplicate hold on same date for same firefighter","duration":0.20270799999991596,"failureMessages":[],"meta":{}},{"ancestorTitles":["Hold Operations - Business Logic","R4.3: Duplicate Hold Prevention"],"fullName":"Hold Operations - Business Logic R4.3: Duplicate Hold Prevention should allow hold if previous hold on same date was skipped","status":"passed","title":"should allow hold if previous hold on same date was skipped","duration":0.06862499999999727,"failureMessages":[],"meta":{}},{"ancestorTitles":["Hold Operations - Business Logic","R4.3: Duplicate Hold Prevention"],"fullName":"Hold Operations - Business Logic R4.3: Duplicate Hold Prevention should allow multiple firefighters on same date","status":"passed","title":"should allow multiple firefighters on same date","duration":0.08279200000004039,"failureMessages":[],"meta":{}},{"ancestorTitles":["Hold Operations - Business Logic","R4.4: Fire Station Validation"],"fullName":"Hold Operations - Business Logic R4.4: Fire Station Validation should validate fire station exists and is valid","status":"passed","title":"should validate fire station exists and is valid","duration":0.07654200000001765,"failureMessages":[],"meta":{}},{"ancestorTitles":["Hold Operations - Business Logic","R4.4: Fire Station Validation"],"fullName":"Hold Operations - Business Logic R4.4: Fire Station Validation should reject null or empty station","status":"passed","title":"should reject null or empty station","duration":0.05312500000002274,"failureMessages":[],"meta":{}},{"ancestorTitles":["Hold Operations - Business Logic","R4.4: Fire Station Validation"],"fullName":"Hold Operations - Business Logic R4.4: Fire Station Validation should reject invalid station numbers","status":"passed","title":"should reject invalid station numbers","duration":0.06770800000003874,"failureMessages":[],"meta":{}},{"ancestorTitles":["Hold Operations - Business Logic","R4.4: Fire Station Validation"],"fullName":"Hold Operations - Business Logic R4.4: Fire Station Validation should allow station assignment different from firefighter home station","status":"passed","title":"should allow station assignment different from firefighter home station","duration":0.2918339999999944,"failureMessages":[],"meta":{}},{"ancestorTitles":["Hold Operations - Business Logic","R4.5: Shift Lending Validation"],"fullName":"Hold Operations - Business Logic R4.5: Shift Lending Validation should validate lent_to_shift is different from original shift","status":"passed","title":"should validate lent_to_shift is different from original shift","duration":0.05254200000001674,"failureMessages":[],"meta":{}},{"ancestorTitles":["Hold Operations - Business Logic","R4.5: Shift Lending Validation"],"fullName":"Hold Operations - Business Logic R4.5: Shift Lending Validation should reject lending firefighter to their own shift","status":"passed","title":"should reject lending firefighter to their own shift","duration":0.04670899999996436,"failureMessages":[],"meta":{}},{"ancestorTitles":["Hold Operations - Business Logic","R4.5: Shift Lending Validation"],"fullName":"Hold Operations - Business Logic R4.5: Shift Lending Validation should allow null lent_to_shift (not being lent)","status":"passed","title":"should allow null lent_to_shift (not being lent)","duration":0.03345900000010715,"failureMessages":[],"meta":{}},{"ancestorTitles":["Hold Operations - Business Logic","R4.5: Shift Lending Validation"],"fullName":"Hold Operations - Business Logic R4.5: Shift Lending Validation should validate lent_to_shift is valid shift (A, B, or C)","status":"passed","title":"should validate lent_to_shift is valid shift (A, B, or C)","duration":0.06212500000003729,"failureMessages":[],"meta":{}},{"ancestorTitles":["Hold Operations - Business Logic","R4.5: Shift Lending Validation"],"fullName":"Hold Operations - Business Logic R4.5: Shift Lending Validation should reject invalid shift values","status":"passed","title":"should reject invalid shift values","duration":0.043207999999935964,"failureMessages":[],"meta":{}},{"ancestorTitles":["Hold Operations - Business Logic","R4.5: Shift Lending Validation"],"fullName":"Hold Operations - Business Logic R4.5: Shift Lending Validation should track original shift when lending","status":"passed","title":"should track original shift when lending","duration":0.057332999999971435,"failureMessages":[],"meta":{}},{"ancestorTitles":["Hold Operations - Business Logic","Notes Validation for Status Changes"],"fullName":"Hold Operations - Business Logic Notes Validation for Status Changes should require notes when skipping a hold","status":"passed","title":"should require notes when skipping a hold","duration":0.054333000000042375,"failureMessages":[],"meta":{}},{"ancestorTitles":["Hold Operations - Business Logic","Notes Validation for Status Changes"],"fullName":"Hold Operations - Business Logic Notes Validation for Status Changes should accept notes for skipped holds","status":"passed","title":"should accept notes for skipped holds","duration":0.03370800000004692,"failureMessages":[],"meta":{}},{"ancestorTitles":["Hold Operations - Business Logic","Notes Validation for Status Changes"],"fullName":"Hold Operations - Business Logic Notes Validation for Status Changes should allow optional notes for completed holds","status":"passed","title":"should allow optional notes for completed holds","duration":0.04158299999994597,"failureMessages":[],"meta":{}},{"ancestorTitles":["Hold Operations - Business Logic","Notes Validation for Status Changes"],"fullName":"Hold Operations - Business Logic Notes Validation for Status Changes should allow optional notes for scheduled holds","status":"passed","title":"should allow optional notes for scheduled holds","duration":0.04174999999997908,"failureMessages":[],"meta":{}}],"startTime":1762546254704,"endTime":1762546254708.0574,"status":"passed","message":"","name":"/Users/griffin/Projects/firefighterHub/src/utils/holdOperations.test.ts"},{"assertionResults":[{"ancestorTitles":["Regression Tests - Known Bugs","BUG: Position Gap Bug"],"fullName":"Regression Tests - Known Bugs BUG: Position Gap Bug should prevent position gaps after multiple hold completions","status":"passed","title":"should prevent position gaps after multiple hold completions","duration":1.2947920000000295,"failureMessages":[],"meta":{}},{"ancestorTitles":["Regression Tests - Known Bugs","BUG: Position Gap Bug"],"fullName":"Regression Tests - Known Bugs BUG: Position Gap Bug should prevent gaps when adding new firefighter after deletions","status":"passed","title":"should prevent gaps when adding new firefighter after deletions","duration":0.17862500000001091,"failureMessages":[],"meta":{}},{"ancestorTitles":["Regression Tests - Known Bugs","BUG: Timezone Date Off-By-One"],"fullName":"Regression Tests - Known Bugs BUG: Timezone Date Off-By-One should format dates for database without timezone shifts","status":"passed","title":"should format dates for database without timezone shifts","duration":0.1486249999999245,"failureMessages":[],"meta":{}},{"ancestorTitles":["Regression Tests - Known Bugs","BUG: Timezone Date Off-By-One"],"fullName":"Regression Tests - Known Bugs BUG: Timezone Date Off-By-One should handle end of month dates correctly","status":"passed","title":"should handle end of month dates correctly","duration":0.10779199999990396,"failureMessages":[],"meta":{}},{"ancestorTitles":["Regression Tests - Known Bugs","BUG: Timezone Date Off-By-One"],"fullName":"Regression Tests - Known Bugs BUG: Timezone Date Off-By-One should generate calendar days without date shifts","status":"passed","title":"should generate calendar days without date shifts","duration":0.26920899999993253,"failureMessages":[],"meta":{}},{"ancestorTitles":["Regression Tests - Known Bugs","BUG: Inactive Firefighters Appearing in Lists"],"fullName":"Regression Tests - Known Bugs BUG: Inactive Firefighters Appearing in Lists should filter out inactive firefighters from active roster","status":"passed","title":"should filter out inactive firefighters from active roster","duration":0.4647909999999911,"failureMessages":[],"meta":{}},{"ancestorTitles":["Regression Tests - Known Bugs","BUG: Rotation Order After Reactivation"],"fullName":"Regression Tests - Known Bugs BUG: Rotation Order After Reactivation should place reactivated firefighters at end of rotation","status":"passed","title":"should place reactivated firefighters at end of rotation","duration":0.08441600000003291,"failureMessages":[],"meta":{}},{"ancestorTitles":["Regression Tests - Known Bugs","BUG: Multiple Simultaneous Operations Creating Race Conditions"],"fullName":"Regression Tests - Known Bugs BUG: Multiple Simultaneous Operations Creating Race Conditions should maintain rotation integrity through sequential operations","status":"passed","title":"should maintain rotation integrity through sequential operations","duration":0.1430000000000291,"failureMessages":[],"meta":{}}],"startTime":1762546254713,"endTime":1762546254716.143,"status":"passed","message":"","name":"/Users/griffin/Projects/firefighterHub/src/utils/regressionTests.test.ts"},{"assertionResults":[{"ancestorTitles":["rotationLogic","sortFirefighters"],"fullName":"rotationLogic sortFirefighters sorts available firefighters by order_position ascending","status":"passed","title":"sorts available firefighters by order_position ascending","duration":0.9960410000001048,"failureMessages":[],"meta":{}},{"ancestorTitles":["rotationLogic","sortFirefighters"],"fullName":"rotationLogic sortFirefighters places unavailable firefighters after available ones","status":"passed","title":"places unavailable firefighters after available ones","duration":0.2680000000000291,"failureMessages":[],"meta":{}},{"ancestorTitles":["rotationLogic","sortFirefighters"],"fullName":"rotationLogic sortFirefighters handles mixed available and unavailable firefighters correctly","status":"passed","title":"handles mixed available and unavailable firefighters correctly","duration":0.24545899999998255,"failureMessages":[],"meta":{}},{"ancestorTitles":["rotationLogic","sortFirefighters"],"fullName":"rotationLogic sortFirefighters handles empty array","status":"passed","title":"handles empty array","duration":0.34683300000006057,"failureMessages":[],"meta":{}},{"ancestorTitles":["rotationLogic","sortFirefighters"],"fullName":"rotationLogic sortFirefighters handles single firefighter","status":"passed","title":"handles single firefighter","duration":0.4636249999999791,"failureMessages":[],"meta":{}},{"ancestorTitles":["rotationLogic","sortFirefighters"],"fullName":"rotationLogic sortFirefighters does not mutate original array","status":"passed","title":"does not mutate original array","duration":0.12075000000004366,"failureMessages":[],"meta":{}},{"ancestorTitles":["rotationLogic","recalculatePositions"],"fullName":"rotationLogic recalculatePositions normalizes gaps in positions (converts [0, 5, 10] to [0, 1, 2])","status":"passed","title":"normalizes gaps in positions (converts [0, 5, 10] to [0, 1, 2])","duration":0.1190000000000282,"failureMessages":[],"meta":{}},{"ancestorTitles":["rotationLogic","recalculatePositions"],"fullName":"rotationLogic recalculatePositions assigns sequential positions 0, 1, 2... to available firefighters","status":"passed","title":"assigns sequential positions 0, 1, 2... to available firefighters","duration":0.077083000000016,"failureMessages":[],"meta":{}},{"ancestorTitles":["rotationLogic","recalculatePositions"],"fullName":"rotationLogic recalculatePositions keeps unavailable firefighters at the end","status":"passed","title":"keeps unavailable firefighters at the end","duration":0.21924999999998818,"failureMessages":[],"meta":{}},{"ancestorTitles":["rotationLogic","recalculatePositions"],"fullName":"rotationLogic recalculatePositions handles mixed available and unavailable correctly","status":"passed","title":"handles mixed available and unavailable correctly","duration":0.1204169999999749,"failureMessages":[],"meta":{}},{"ancestorTitles":["rotationLogic","recalculatePositions"],"fullName":"rotationLogic recalculatePositions handles empty array","status":"passed","title":"handles empty array","duration":0.04854199999999764,"failureMessages":[],"meta":{}},{"ancestorTitles":["rotationLogic","recalculatePositions"],"fullName":"rotationLogic recalculatePositions handles array with only unavailable firefighters","status":"passed","title":"handles array with only unavailable firefighters","duration":0.056582999999932326,"failureMessages":[],"meta":{}},{"ancestorTitles":["rotationLogic","assignPositions"],"fullName":"rotationLogic assignPositions assigns sequential positions 0, 1, 2, 3...","status":"passed","title":"assigns sequential positions 0, 1, 2, 3...","duration":0.07791600000007293,"failureMessages":[],"meta":{}},{"ancestorTitles":["rotationLogic","assignPositions"],"fullName":"rotationLogic assignPositions preserves order of input array","status":"passed","title":"preserves order of input array","duration":0.06241699999998218,"failureMessages":[],"meta":{}},{"ancestorTitles":["rotationLogic","assignPositions"],"fullName":"rotationLogic assignPositions handles empty array","status":"passed","title":"handles empty array","duration":0.03808300000002873,"failureMessages":[],"meta":{}},{"ancestorTitles":["rotationLogic","assignPositions"],"fullName":"rotationLogic assignPositions does not mutate original array","status":"passed","title":"does not mutate original array","duration":0.03912500000001273,"failureMessages":[],"meta":{}},{"ancestorTitles":["rotationLogic","moveToBottom"],"fullName":"rotationLogic moveToBottom moves firefighter to max position + 1","status":"passed","title":"moves firefighter to max position + 1","duration":0.08937500000001819,"failureMessages":[],"meta":{}},{"ancestorTitles":["rotationLogic","moveToBottom"],"fullName":"rotationLogic moveToBottom only moves available firefighters","status":"passed","title":"only moves available firefighters","duration":0.04166699999996126,"failureMessages":[],"meta":{}},{"ancestorTitles":["rotationLogic","moveToBottom"],"fullName":"rotationLogic moveToBottom returns unchanged array if firefighter not found","status":"passed","title":"returns unchanged array if firefighter not found","duration":0.04212499999994179,
[...]
.development.js:16167:20)\n    at Object.useState (/Users/griffin/Projects/firefighterHub/node_modules/.pnpm/react-dom@18.3.1_react@18.3.1/node_modules/react-dom/cjs/react-dom.development.js:16880:16)\n    at useState (/Users/griffin/Projects/firefighterHub/node_modules/.pnpm/react@18.3.1/node_modules/react/cjs/react.development.js:1622:21)\n    at useReducedMotion (/Users/griffin/Projects/firefighterHub/src/hooks/useReducedMotion.ts:45:59)\n    at /Users/griffin/Projects/firefighterHub/src/components/ui/Button.tsx:49:29\n    at renderWithHooks (/Users/griffin/Projects/firefighterHub/node_modules/.pnpm/react-dom@18.3.1_react@18.3.1/node_modules/react-dom/cjs/react-dom.development.js:15486:18)\n    at updateForwardRef (/Users/griffin/Projects/firefighterHub/node_modules/.pnpm/react-dom@18.3.1_react@18.3.1/node_modules/react-dom/cjs/react-dom.development.js:19245:20)\n    at beginWork (/Users/griffin/Projects/firefighterHub/node_modules/.pnpm/react-dom@18.3.1_react@18.3.1/node_modules/react-dom/cjs/react-dom.development.js:21675:16)"],"meta":{}},{"ancestorTitles":["Button Component","Accessibility"],"fullName":"Button Component Accessibility should reduce opacity when disabled","status":"failed","title":"should reduce opacity when disabled","duration":0.8445000000001528,"failureMessages":["TypeError: window.matchMedia is not a function\n    at getMediaQueryPreference (/Users/griffin/Projects/firefighterHub/src/hooks/useReducedMotion.ts:34:31)\n    at getInitialValue (/Users/griffin/Projects/firefighterHub/src/hooks/useReducedMotion.ts:42:12)\n    at mountState (/Users/griffin/Projects/firefighterHub/node_modules/.pnpm/react-dom@18.3.1_react@18.3.1/node_modules/react-dom/cjs/react-dom.development.js:16167:20)\n    at Object.useState (/Users/griffin/Projects/firefighterHub/node_modules/.pnpm/react-dom@18.3.1_react@18.3.1/node_modules/react-dom/cjs/react-dom.development.js:16880:16)\n    at useState (/Users/griffin/Projects/firefighterHub/node_modules/.pnpm/react@18.3.1/node_modules/react/cjs/react.development.js:1622:21)\n    at useReducedMotion (/Users/griffin/Projects/firefighterHub/src/hooks/useReducedMotion.ts:45:59)\n    at /Users/griffin/Projects/firefighterHub/src/components/ui/Button.tsx:49:29\n    at renderWithHooks (/Users/griffin/Projects/firefighterHub/node_modules/.pnpm/react-dom@18.3.1_react@18.3.1/node_modules/react-dom/cjs/react-dom.development.js:15486:18)\n    at updateForwardRef (/Users/griffin/Projects/firefighterHub/node_modules/.pnpm/react-dom@18.3.1_react@18.3.1/node_modules/react-dom/cjs/react-dom.development.js:19245:20)\n    at beginWork (/Users/griffin/Projects/firefighterHub/node_modules/.pnpm/react-dom@18.3.1_react@18.3.1/node_modules/react-dom/cjs/react-dom.development.js:21675:16)"],"meta":{}},{"ancestorTitles":["Button Component","Accessibility"],"fullName":"Button Component Accessibility should be disabled when disabled prop is true","status":"failed","title":"should be disabled when disabled prop is true","duration":0.8265830000000278,"failureMessages":["TypeError: window.matchMedia is not a function\n    at getMediaQueryPreference (/Users/griffin/Projects/firefighterHub/src/hooks/useReducedMotion.ts:34:31)\n    at getInitialValue (/Users/griffin/Projects/firefighterHub/src/hooks/useReducedMotion.ts:42:12)\n    at mountState (/Users/griffin/Projects/firefighterHub/node_modules/.pnpm/react-dom@18.3.1_react@18.3.1/node_modules/react-dom/cjs/react-dom.development.js:16167:20)\n    at Object.useState (/Users/griffin/Projects/firefighterHub/node_modules/.pnpm/react-dom@18.3.1_react@18.3.1/node_modules/react-dom/cjs/react-dom.development.js:16880:16)\n    at useState (/Users/griffin/Projects/firefighterHub/node_modules/.pnpm/react@18.3.1/node_modules/react/cjs/react.development.js:1622:21)\n    at useReducedMotion (/Users/griffin/Projects/firefighterHub/src/hooks/useReducedMotion.ts:45:59)\n    at /Users/griffin/Projects/firefighterHub/src/components/ui/Button.tsx:49:29\n    at renderWithHooks (/Users/griffin/Projects/firefighterHub/node_modules/.pnpm/react-dom@18.3.1_react@18.3.1/node_modules/react-dom/cjs/react-dom.development.js:15486:18)\n    at updateForwardRef (/Users/griffin/Projects/firefighterHub/node_modules/.pnpm/react-dom@18.3.1_react@18.3.1/node_modules/react-dom/cjs/react-dom.development.js:19245:20)\n    at beginWork (/Users/griffin/Projects/firefighterHub/node_modules/.pnpm/react-dom@18.3.1_react@18.3.1/node_modules/react-dom/cjs/react-dom.development.js:21675:16)"],"meta":{}},{"ancestorTitles":["Button Component","Accessibility"],"fullName":"Button Component Accessibility should not trigger onClick when disabled","status":"failed","title":"should not trigger onClick when disabled","duration":0.9707080000000587,"failureMessages":["TypeError: window.matchMedia is not a function\n    at getMediaQueryPreference (/Users/griffin/Projects/firefighterHub/src/hooks/useReducedMotion.ts:34:31)\n    at getInitialValue (/Users/griffin/Projects/firefighterHub/src/hooks/useReducedMotion.ts:42:12)\n    at mountState (/Users/griffin/Projects/firefighterHub/node_modules/.pnpm/react-dom@18.3.1_react@18.3.1/node_modules/react-dom/cjs/react-dom.development.js:16167:20)\n    at Object.useState (/Users/griffin/Projects/firefighterHub/node_modules/.pnpm/react-dom@18.3.1_react@18.3.1/node_modules/react-dom/cjs/react-dom.development.js:16880:16)\n    at useState (/Users/griffin/Projects/firefighterHub/node_modules/.pnpm/react@18.3.1/node_modules/react/cjs/react.development.js:1622:21)\n    at useReducedMotion (/Users/griffin/Projects/firefighterHub/src/hooks/useReducedMotion.ts:45:59)\n    at /Users/griffin/Projects/firefighterHub/src/components/ui/Button.tsx:49:29\n    at renderWithHooks (/Users/griffin/Projects/firefighterHub/node_modules/.pnpm/react-dom@18.3.1_react@18.3.1/node_modules/react-dom/cjs/react-dom.development.js:15486:18)\n    at updateForwardRef (/Users/griffin/Projects/firefighterHub/node_modules/.pnpm/react-dom@18.3.1_react@18.3.1/node_modules/react-dom/cjs/react-dom.development.js:19245:20)\n    at beginWork (/Users/griffin/Projects/firefighterHub/node_modules/.pnpm/react-dom@18.3.1_react@18.3.1/node_modules/react-dom/cjs/react-dom.development.js:21675:16)"],"meta":{}},{"ancestorTitles":["Button Component","Interaction"],"fullName":"Button Component Interaction should call onClick handler","status":"failed","title":"should call onClick handler","duration":6.63350000000014,"failureMessages":["TypeError: window.matchMedia is not a function\n    at getMediaQueryPreference (/Users/griffin/Projects/firefighterHub/src/hooks/useReducedMotion.ts:34:31)\n    at getInitialValue (/Users/griffin/Projects/firefighterHub/src/hooks/useReducedMotion.ts:42:12)\n    at mountState (/Users/griffin/Projects/firefighterHub/node_modules/.pnpm/react-dom@18.3.1_react@18.3.1/node_modules/react-dom/cjs/react-dom.development.js:16167:20)\n    at Object.useState (/Users/griffin/Projects/firefighterHub/node_modules/.pnpm/react-dom@18.3.1_react@18.3.1/node_modules/react-dom/cjs/react-dom.development.js:16880:16)\n    at useState (/Users/griffin/Projects/firefighterHub/node_modules/.pnpm/react@18.3.1/node_modules/react/cjs/react.development.js:1622:21)\n    at useReducedMotion (/Users/griffin/Projects/firefighterHub/src/hooks/useReducedMotion.ts:45:59)\n    at /Users/griffin/Projects/firefighterHub/src/components/ui/Button.tsx:49:29\n    at renderWithHooks (/Users/griffin/Projects/firefighterHub/node_modules/.pnpm/react-dom@18.3.1_react@18.3.1/node_modules/react-dom/cjs/react-dom.development.js:15486:18)\n    at updateForwardRef (/Users/griffin/Projects/firefighterHub/node_modules/.pnpm/react-dom@18.3.1_react@18.3.1/node_modules/react-dom/cjs/react-dom.development.js:19245:20)\n    at beginWork (/Users/griffin/Projects/firefighterHub/node_modules/.pnpm/react-dom@18.3.1_react@18.3.1/node_modules/react-dom/cjs/react-dom.development.js:21675:16)"],"meta":{}},{"ancestorTitles":["Button Component","Interaction"],"fullName":"Button Component Interaction should forward ref to button element","status":"failed","title":"should forward ref to button element","duration":1.0004579999999805,"failureMessages":["TypeError: window.matchMedia is not a function\n    at getMediaQueryPreference (/Users/griffin/Projects/firefighterHub/src/hooks/useReducedMotion.ts:34:31)\n    at getInitialValue (/Users/griffin/Projects/firefighterHub/src/hooks/useReducedMotion.ts:42:12)\n    at mountState (/Users/griffin/Projects/firefighterHub/node_modules/.pnpm/react-dom@18.3.1_react@18.3.1/node_modules/react-dom/cjs/react-dom.development.js:16167:20)\n    at Object.useState (/Users/griffin/Projects/firefighterHub/node_modules/.pnpm/react-dom@18.3.1_react@18.3.1/node_modules/react-dom/cjs/react-dom.development.js:16880:16)\n    at useState (/Users/griffin/Projects/firefighterHub/node_modules/.pnpm/react@18.3.1/node_modules/react/cjs/react.development.js:1622:21)\n    at useReducedMotion (/Users/griffin/Projects/firefighterHub/src/hooks/useReducedMotion.ts:45:59)\n    at /Users/griffin/Projects/firefighterHub/src/components/ui/Button.tsx:49:29\n    at renderWithHooks (/Users/griffin/Projects/firefighterHub/node_modules/.pnpm/react-dom@18.3.1_react@18.3.1/node_modules/react-dom/cjs/react-dom.development.js:15486:18)\n    at updateForwardRef (/Users/griffin/Projects/firefighterHub/node_modules/.pnpm/react-dom@18.3.1_react@18.3.1/node_modules/react-dom/cjs/react-dom.development.js:19245:20)\n    at beginWork (/Users/griffin/Projects/firefighterHub/node_modules/.pnpm/react-dom@18.3.1_react@18.3.1/node_modules/react-dom/cjs/react-dom.development.js:21675:16)"],"meta":{}},{"ancestorTitles":["Button Component","Interaction"],"fullName":"Button Component Interaction should pass through additional props","status":"failed","title":"should pass through additional props","duration":1.287458000000015,"failureMessages":["TypeError: window.matchMedia is not a function\n    at getMediaQueryPreference (/Users/griffin/Projects/firefighterHub/src/hooks/useReducedMotion.ts:34:31)\n    at getInitialValue (/Users/griffin/Projects/firefighterHub/src/hooks/useReducedMotion.ts:42:12)\n    at mountState (/Users/griffin/Projects/firefighterHub/node_modules/.pnpm/react-dom@18.3.1_react@18.3.1/node_modules/react-dom/cjs/react-dom.development.js:16167:20)\n    at Object.useState (/Users/griffin/Projects/firefighterHub/node_modules/.pnpm/react-dom@18.3.1_react@18.3.1/node_modules/react-dom/cjs/react-dom.development.js:16880:16)\n    at useState (/Users/griffin/Projects/firefighterHub/node_modules/.pnpm/react@18.3.1/node_modules/react/cjs/react.development.js:1622:21)\n    at useReducedMotion (/Users/griffin/Projects/firefighterHub/src/hooks/useReducedMotion.ts:45:59)\n    at /Users/griffin/Projects/firefighterHub/src/components/ui/Button.tsx:49:29\n    at renderWithHooks (/Users/griffin/Projects/firefighterHub/node_modules/.pnpm/react-dom@18.3.1_react@18.3.1/node_modules/react-dom/cjs/react-dom.development.js:15486:18)\n    at updateForwardRef (/Users/griffin/Projects/firefighterHub/node_modules/.pnpm/react-dom@18.3.1_react@18.3.1/node_modules/react-dom/cjs/react-dom.development.js:19245:20)\n    at beginWork (/Users/griffin/Projects/firefighterHub/node_modules/.pnpm/react-dom@18.3.1_react@18.3.1/node_modules/react-dom/cjs/react-dom.development.js:21675:16)"],"meta":{}},{"ancestorTitles":["Button Component","Interaction"],"fullName":"Button Component Interaction should accept custom className","status":"failed","title":"should accept custom className","duration":0.7642080000000533,"failureMessages":["TypeError: window.matchMedia is not a function\n    at getMediaQueryPreference (/Users/griffin/Projects/firefighterHub/src/hooks/useReducedMotion.ts:34:31)\n    at getInitialValue (/Users/griffin/Projects/firefighterHub/src/hooks/useReducedMotion.ts:42:12)\n    at mountState (/Users/griffin/Projects/firefighterHub/node_modules/.pnpm/react-dom@18.3.1_react@18.3.1/node_modules/react-dom/cjs/react-dom.development.js:16167:20)\n    at Object.useState (/Users/griffin/Projects/firefighterHub/node_modules/.pnpm/react-dom@18.3.1_react@18.3.1/node_modules/react-dom/cjs/react-dom.development.js:16880:16)\n    at useState (/Users/griffin/Projects/firefighterHub/node_modules/.pnpm/react@18.3.1/node_modules/react/cjs/react.development.js:1622:21)\n    at useReducedMotion (/Users/griffin/Projects/firefighterHub/src/hooks/useReducedMotion.ts:45:59)\n    at /Users/griffin/Projects/firefighterHub/src/components/ui/Button.tsx:49:29\n    at renderWithHooks (/Users/griffin/Projects/firefighterHub/node_modules/.pnpm/react-dom@18.3.1_react@18.3.1/node_modules/react-dom/cjs/react-dom.development.js:15486:18)\n    at updateForwardRef (/Users/griffin/Projects/firefighterHub/node_modules/.pnpm/react-dom@18.3.1_react@18.3.1/node_modules/react-dom/cjs/react-dom.development.js:19245:20)\n    at beginWork (/Users/griffin/Projects/firefighterHub/node_modules/.pnpm/react-dom@18.3.1_react@18.3.1/node_modules/react-dom/cjs/react-dom.development.js:21675:16)"],"meta":{}},{"ancestorTitles":["Button Component","Layout"],"fullName":"Button Component Layout should use inline-flex layout","status":"failed","title":"should use inline-flex layout","duration":0.7136249999998654,"failureMessages":["TypeError: window.matchMedia is not a function\n    at getMediaQueryPreference (/Users/griffin/Projects/firefighterHub/src/hooks/useReducedMotion.ts:34:31)\n    at getInitialValue (/Users/griffin/Projects/firefighterHub/src/hooks/useReducedMotion.ts:42:12)\n    at mountState (/Users/griffin/Projects/firefighterHub/node_modules/.pnpm/react-dom@18.3.1_react@18.3.1/node_modules/react-dom/cjs/react-dom.development.js:16167:20)\n    at Object.useState (/Users/griffin/Projects/firefighterHub/node_modules/.pnpm/react-dom@18.3.1_react@18.3.1/node_modules/react-dom/cjs/react-dom.development.js:16880:16)\n    at useState (/Users/griffin/Projects/firefighterHub/node_modules/.pnpm/react@18.3.1/node_modules/react/cjs/react.development.js:1622:21)\n    at useReducedMotion (/Users/griffin/Projects/firefighterHub/src/hooks/useReducedMotion.ts:45:59)\n    at /Users/griffin/Projects/firefighterHub/src/components/ui/Button.tsx:49:29\n    at renderWithHooks (/Users/griffin/Projects/firefighterHub/node_modules/.pnpm/react-dom@18.3.1_react@18.3.1/node_modules/react-dom/cjs/react-dom.development.js:15486:18)\n    at updateForwardRef (/Users/griffin/Projects/firefighterHub/node_modules/.pnpm/react-dom@18.3.1_react@18.3.1/node_modules/react-dom/cjs/react-dom.development.js:19245:20)\n    at beginWork (/Users/griffin/Projects/firefighterHub/node_modules/.pnpm/react-dom@18.3.1_react@18.3.1/node_modules/react-dom/cjs/react-dom.development.js:21675:16)"],"meta":{}},{"ancestorTitles":["Button Component","Layout"],"fullName":"Button Component Layout should apply gap for spacing","status":"failed","title":"should apply gap for spacing","duration":0.6258330000000569,"failureMessages":["TypeError: window.matchMedia is not a function\n    at getMediaQueryPreference (/Users/griffin/Projects/firefighterHub/src/hooks/useReducedMotion.ts:34:31)\n    at getInitialValue (/Users/griffin/Projects/firefighterHub/src/hooks/useReducedMotion.ts:42:12)\n    at mountState (/Users/griffin/Projects/firefighterHub/node_modules/.pnpm/react-dom@18.3.1_react@18.3.1/node_modules/react-dom/cjs/react-dom.development.js:16167:20)\n    at Object.useState (/Users/griffin/Projects/firefighterHub/node_modules/.pnpm/react-dom@18.3.1_react@18.3.1/node_modules/react-dom/cjs/react-dom.development.js:16880:16)\n    at useState (/Users/griffin/Projects/firefighterHub/node_modules/.pnpm/react@18.3.1/node_modules/react/cjs/react.development.js:1622:21)\n    at useReducedMotion (/Users/griffin/Projects/firefighterHub/src/hooks/useReducedMotion.ts:45:59)\n    at /Users/griffin/Projects/firefighterHub/src/components/ui/Button.tsx:49:29\n    at renderWithHooks (/Users/griffin/Projects/firefighterHub/node_modules/.pnpm/react-dom@18.3.1_react@18.3.1/node_modules/react-dom/cjs/react-dom.development.js:15486:18)\n    at updateForwardRef (/Users/griffin/Projects/firefighterHub/node_modules/.pnpm/react-dom@18.3.1_react@18.3.1/node_modules/react-dom/cjs/react-dom.development.js:19245:20)\n    at beginWork (/Users/griffin/Projects/firefighterHub/node_modules/.pnpm/react-dom@18.3.1_react@18.3.1/node_modules/react-dom/cjs/react-dom.development.js:21675:16)"],"meta":{}},{"ancestorTitles":["Button Component","Layout"],"fullName":"Button Component Layout should apply rounded-lg corners","status":"failed","title":"should apply rounded-lg corners","duration":0.6193749999999909,"failureMessages":["TypeError: window.matchMedia is not a function\n    at getMediaQueryPreference (/Users/griffin/Projects/firefighterHub/src/hooks/useReducedMotion.ts:34:31)\n    at getInitialValue (/Users/griffin/Projects/firefighterHub/src/hooks/useReducedMotion.ts:42:12)\n    at mountState (/Users/griffin/Projects/firefighterHub/node_modules/.pnpm/react-dom@18.3.1_react@18.3.1/node_modules/react-dom/cjs/react-dom.development.js:16167:20)\n    at Object.useState (/Users/griffin/Projects/firefighterHub/node_modules/.pnpm/react-dom@18.3.1_react@18.3.1/node_modules/react-dom/cjs/react-dom.development.js:16880:16)\n    at useState (/Users/griffin/Projects/firefighterHub/node_modules/.pnpm/react@18.3.1/node_modules/react/cjs/react.development.js:1622:21)\n    at useReducedMotion (/Users/griffin/Projects/firefighterHub/src/hooks/useReducedMotion.ts:45:59)\n    at /Users/griffin/Projects/firefighterHub/src/components/ui/Button.tsx:49:29\n    at renderWithHooks (/Users/griffin/Projects/firefighterHub/node_modules/.pnpm/react-dom@18.3.1_react@18.3.1/node_modules/react-dom/cjs/react-dom.development.js:15486:18)\n    at updateForwardRef (/Users/griffin/Projects/firefighterHub/node_modules/.pnpm/react-dom@18.3.1_react@18.3.1/node_modules/react-dom/cjs/react-dom.development.js:19245:20)\n    at beginWork (/Users/griffin/Projects/firefighterHub/node_modules/.pnpm/react-dom@18.3.1_react@18.3.1/node_modules/react-dom/cjs/react-dom.development.js:21675:16)"],"meta":{}},{"ancestorTitles":["Button Component","Touch Targets"],"fullName":"Button Component Touch Targets should meet WCAG 2.1 minimum touch target size (44px)","status":"failed","title":"should meet WCAG 2.1 minimum touch target size (44px)","duration":0.6448340000001735,"failureMessages":["TypeError: window.matchMedia is not a function\n    at getMediaQueryPreference (/Users/griffin/Projects/firefighterHub/src/hooks/useReducedMotion.ts:34:31)\n    at getInitialValue (/Users/griffin/Projects/firefighterHub/src/hooks/useReducedMotion.ts:42:12)\n    at mountState (/Users/griffin/Projects/firefighterHub/node_modules/.pnpm/react-dom@18.3.1_react@18.3.1/node_modules/react-dom/cjs/react-dom.development.js:16167:20)\n    at Object.useState (/Users/griffin/Projects/firefighterHub/node_modules/.pnpm/react-dom@18.3.1_react@18.3.1/node_modules/react-dom/cjs/react-dom.development.js:16880:16)\n    at useState (/Users/griffin/Projects/firefighterHub/node_modules/.pnpm/react@18.3.1/node_modules/react/cjs/react.development.js:1622:21)\n    at useReducedMotion (/Users/griffin/Projects/firefighterHub/src/hooks/useReducedMotion.ts:45:59)\n    at /Users/griffin/Projects/firefighterHub/src/components/ui/Button.tsx:49:29\n    at renderWithHooks (/Users/griffin/Projects/firefighterHub/node_modules/.pnpm/react-dom@18.3.1_react@18.3.1/node_modules/react-dom/cjs/react-dom.development.js:15486:18)\n    at updateForwardRef (/Users/griffin/Projects/firefighterHub/node_modules/.pnpm/react-dom@18.3.1_react@18.3.1/node_modules/react-dom/cjs/react-dom.development.js:19245:20)\n    at beginWork (/Users/griffin/Projects/firefighterHub/node_modules/.pnpm/react-dom@18.3.1_react@18.3.1/node_modules/react-dom/cjs/react-dom.development.js:21675:16)"],"meta":{}}],"startTime":1762546253116,"endTime":1762546253189.6448,"status":"failed","message":"","name":"/Users/griffin/Projects/firefighterHub/src/components/ui/__tests__/Button.test.tsx"}]}